<?xml version="1.0" encoding="UTF-8"?>
<coverage generated="1663164441426" clover="3.2.0">
  <project timestamp="1663164441426" name="All files">
    <metrics statements="2944" coveredstatements="2876" conditionals="1876" coveredconditionals="1689" methods="882" coveredmethods="874" elements="5702" coveredelements="5439" complexity="0" loc="2944" ncloc="2944" packages="13" files="51" classes="51"/>
    <package name="src">
      <metrics statements="137" coveredstatements="133" conditionals="120" coveredconditionals="104" methods="51" coveredmethods="51"/>
      <file name="component-meta.ts" path="/Users/liujuping/web/ali-github/lowcode-engine/packages/designer/src/component-meta.ts">
        <metrics statements="135" coveredstatements="131" conditionals="118" coveredconditionals="102" methods="50" coveredmethods="50"/>
        <line num="35" count="35" type="cond" truecount="2" falsecount="0"/>
        <line num="36" count="16" type="stmt"/>
        <line num="38" count="19" type="cond" truecount="2" falsecount="0"/>
        <line num="39" count="12" type="cond" truecount="2" falsecount="0"/>
        <line num="40" count="1" type="stmt"/>
        <line num="42" count="11" type="stmt"/>
        <line num="44" count="18" type="cond" truecount="2" falsecount="0"/>
        <line num="45" count="2" type="stmt"/>
        <line num="47" count="16" type="stmt"/>
        <line num="51" count="130" type="cond" truecount="2" falsecount="0"/>
        <line num="52" count="110" type="stmt"/>
        <line num="54" count="20" type="cond" truecount="2" falsecount="0"/>
        <line num="55" count="5" type="stmt"/>
        <line num="57" count="15" type="cond" truecount="2" falsecount="0"/>
        <line num="58" count="2" type="stmt"/>
        <line num="60" count="14" type="stmt"/>
        <line num="61" count="14" type="cond" truecount="2" falsecount="0"/>
        <line num="62" count="1" type="stmt"/>
        <line num="64" count="13" type="stmt"/>
        <line num="68" count="2329" type="stmt"/>
        <line num="72" count="2329" type="stmt"/>
        <line num="75" count="134" type="stmt"/>
        <line num="79" count="1" type="stmt"/>
        <line num="85" count="226" type="stmt"/>
        <line num="91" count="37" type="cond" truecount="2" falsecount="0"/>
        <line num="95" count="1" type="cond" truecount="2" falsecount="0"/>
        <line num="101" count="4552" type="stmt"/>
        <line num="107" count="1" type="stmt"/>
        <line num="113" count="2" type="stmt"/>
        <line num="119" count="2558" type="stmt"/>
        <line num="120" count="2558" type="cond" truecount="3" falsecount="0"/>
        <line num="126" count="1" type="stmt"/>
        <line num="132" count="2" type="stmt"/>
        <line num="146" count="4" type="cond" truecount="2" falsecount="0"/>
        <line num="147" count="1" type="cond" truecount="1" falsecount="1"/>
        <line num="149" count="3" type="cond" truecount="2" falsecount="0"/>
        <line num="155" count="2" type="stmt"/>
        <line num="165" count="1" type="stmt"/>
        <line num="169" count="2329" type="stmt"/>
        <line num="173" count="3" type="cond" truecount="2" falsecount="0"/>
        <line num="174" count="1" type="stmt"/>
        <line num="179" count="2356" type="stmt"/>
        <line num="180" count="2356" type="cond" truecount="2" falsecount="0"/>
        <line num="181" count="2356" type="stmt"/>
        <line num="184" count="2356" type="stmt"/>
        <line num="186" count="2356" type="stmt"/>
        <line num="187" count="2356" type="cond" truecount="2" falsecount="0"/>
        <line num="188" count="72" type="stmt"/>
        <line num="198" count="2356" type="cond" truecount="2" falsecount="0"/>
        <line num="201" count="2433" type="stmt"/>
        <line num="202" count="738" type="cond" truecount="2" falsecount="0"/>
        <line num="203" count="77" type="stmt"/>
        <line num="205" count="661" type="cond" truecount="2" falsecount="0"/>
        <line num="206" count="661" type="cond" truecount="1" falsecount="1"/>
        <line num="207" count="0" type="stmt"/>
        <line num="215" count="2356" type="stmt"/>
        <line num="216" count="2356" type="cond" truecount="1" falsecount="1"/>
        <line num="218" count="2356" type="stmt"/>
        <line num="220" count="2356" type="cond" truecount="2" falsecount="0"/>
        <line num="221" count="5" type="stmt"/>
        <line num="224" count="2356" type="cond" truecount="0" falsecount="1"/>
        <line num="225" count="2356" type="stmt"/>
        <line num="227" count="2356" type="stmt"/>
        <line num="228" count="2356" type="cond" truecount="1" falsecount="1"/>
        <line num="229" count="2356" type="stmt"/>
        <line num="230" count="2356" type="stmt"/>
        <line num="231" count="2356" type="stmt"/>
        <line num="232" count="2356" type="stmt"/>
        <line num="233" count="2356" type="stmt"/>
        <line num="234" count="2356" type="cond" truecount="2" falsecount="0"/>
        <line num="235" count="62" type="stmt"/>
        <line num="236" count="62" type="stmt"/>
        <line num="237" count="62" type="stmt"/>
        <line num="240" count="0" type="stmt"/>
        <line num="241" count="0" type="stmt"/>
        <line num="243" count="2356" type="stmt"/>
        <line num="247" count="1" type="stmt"/>
        <line num="251" count="2356" type="stmt"/>
        <line num="252" count="4720" type="stmt"/>
        <line num="255" count="2356" type="cond" truecount="1" falsecount="1"/>
        <line num="256" count="0" type="stmt"/>
        <line num="258" count="2356" type="cond" truecount="4" falsecount="0"/>
        <line num="259" count="33" type="stmt"/>
        <line num="260" count="33" type="stmt"/>
        <line num="262" count="2356" type="stmt"/>
        <line num="266" count="43" type="stmt"/>
        <line num="275" count="16" type="cond" truecount="1" falsecount="1"/>
        <line num="277" count="16" type="cond" truecount="2" falsecount="0"/>
        <line num="279" count="16" type="stmt"/>
        <line num="284" count="16" type="cond" truecount="2" falsecount="0"/>
        <line num="285" count="2" type="cond" truecount="2" falsecount="0"/>
        <line num="286" count="5" type="stmt"/>
        <line num="288" count="5" type="stmt"/>
        <line num="290" count="14" type="stmt"/>
        <line num="294" count="26" type="stmt"/>
        <line num="298" count="7590" type="stmt"/>
        <line num="303" count="9" type="cond" truecount="2" falsecount="0"/>
        <line num="304" count="6" type="stmt"/>
        <line num="309" count="3" type="stmt"/>
        <line num="314" count="8" type="cond" truecount="2" falsecount="0"/>
        <line num="315" count="2" type="cond" truecount="1" falsecount="1"/>
        <line num="316" count="2" type="stmt"/>
        <line num="317" count="2" type="cond" truecount="1" falsecount="1"/>
        <line num="318" count="2" type="stmt"/>
        <line num="324" count="6" type="stmt"/>
        <line num="328" count="201" type="stmt"/>
        <line num="329" count="201" type="stmt"/>
        <line num="330" count="186" type="stmt"/>
        <line num="339" count="1" type="cond" truecount="2" falsecount="0"/>
        <line num="343" count="2356" type="cond" truecount="2" falsecount="0"/>
        <line num="344" count="71" type="cond" truecount="2" falsecount="0"/>
        <line num="345" count="1" type="stmt"/>
        <line num="352" count="70" type="stmt"/>
        <line num="355" count="2285" type="stmt"/>
        <line num="374" count="30" type="stmt"/>
        <line num="381" count="62" type="stmt"/>
        <line num="382" count="62" type="stmt"/>
        <line num="383" count="62" type="cond" truecount="2" falsecount="0"/>
        <line num="384" count="62" type="cond" truecount="2" falsecount="0"/>
        <line num="385" count="61" type="stmt"/>
        <line num="387" count="1" type="stmt"/>
        <line num="392" count="2359" type="stmt"/>
        <line num="395" count="30" type="stmt"/>
        <line num="420" count="3" type="stmt"/>
        <line num="468" count="3" type="cond" truecount="1" falsecount="2"/>
        <line num="484" count="3" type="cond" truecount="1" falsecount="2"/>
        <line num="491" count="1" type="stmt"/>
        <line num="492" count="1" type="cond" truecount="1" falsecount="1"/>
        <line num="493" count="1" type="stmt"/>
        <line num="497" count="1" type="stmt"/>
        <line num="504" count="2" type="stmt"/>
        <line num="505" count="1" type="cond" truecount="1" falsecount="1"/>
        <line num="506" count="1" type="stmt"/>
        <line num="510" count="30" type="stmt"/>
        <line num="511" count="30" type="stmt"/>
      </file>
      <file name="index.ts" path="/Users/liujuping/web/ali-github/lowcode-engine/packages/designer/src/index.ts">
        <metrics statements="0" coveredstatements="0" conditionals="0" coveredconditionals="0" methods="0" coveredmethods="0"/>
      </file>
      <file name="simulator.ts" path="/Users/liujuping/web/ali-github/lowcode-engine/packages/designer/src/simulator.ts">
        <metrics statements="2" coveredstatements="2" conditionals="2" coveredconditionals="2" methods="1" coveredmethods="1"/>
        <line num="9" count="31" type="stmt"/>
        <line num="166" count="2" type="cond" truecount="2" falsecount="0"/>
      </file>
    </package>
    <package name="src.builtin-simulator">
      <metrics statements="148" coveredstatements="140" conditionals="80" coveredconditionals="61" methods="42" coveredmethods="41"/>
      <file name="context.ts" path="/Users/liujuping/web/ali-github/lowcode-engine/packages/designer/src/builtin-simulator/context.ts">
        <metrics statements="1" coveredstatements="1" conditionals="0" coveredconditionals="0" methods="0" coveredmethods="0"/>
        <line num="4" count="30" type="stmt"/>
      </file>
      <file name="create-simulator.ts" path="/Users/liujuping/web/ali-github/lowcode-engine/packages/designer/src/builtin-simulator/create-simulator.ts">
        <metrics statements="46" coveredstatements="40" conditionals="36" coveredconditionals="24" methods="7" coveredmethods="6"/>
        <line num="21" count="2" type="stmt"/>
        <line num="22" count="2" type="stmt"/>
        <line num="24" count="2" type="stmt"/>
        <line num="26" count="2" type="stmt"/>
        <line num="27" count="2" type="stmt"/>
        <line num="28" count="2" type="stmt"/>
        <line num="29" count="12" type="stmt"/>
        <line num="30" count="12" type="stmt"/>
        <line num="34" count="10" type="stmt"/>
        <line num="35" count="26" type="cond" truecount="2" falsecount="0"/>
        <line num="36" count="6" type="stmt"/>
        <line num="38" count="20" type="cond" truecount="2" falsecount="0"/>
        <line num="39" count="6" type="cond" truecount="1" falsecount="1"/>
        <line num="40" count="6" type="stmt"/>
        <line num="45" count="6" type="stmt"/>
        <line num="47" count="14" type="cond" truecount="2" falsecount="0"/>
        <line num="48" count="2" type="stmt"/>
        <line num="49" count="2" type="stmt"/>
        <line num="51" count="12" type="cond" truecount="2" falsecount="0"/>
        <line num="52" count="8" type="cond" truecount="2" falsecount="0"/>
        <line num="54" count="12" type="cond" truecount="2" falsecount="0"/>
        <line num="55" count="12" type="cond" truecount="2" falsecount="1"/>
        <line num="56" count="12" type="cond" truecount="2" falsecount="0"/>
        <line num="57" count="6" type="stmt"/>
        <line num="60" count="6" type="cond" truecount="2" falsecount="0"/>
        <line num="61" count="4" type="stmt"/>
        <line num="62" count="2" type="cond" truecount="1" falsecount="1"/>
        <line num="63" count="2" type="stmt"/>
        <line num="66" count="0" type="cond" truecount="0" falsecount="2"/>
        <line num="67" count="0" type="stmt"/>
        <line num="74" count="2" type="stmt"/>
        <line num="76" count="2" type="stmt"/>
        <line num="78" count="12" type="stmt"/>
        <line num="81" count="2" type="stmt"/>
        <line num="83" count="12" type="stmt"/>
        <line num="87" count="2" type="stmt"/>
        <line num="88" count="2" type="stmt"/>
        <line num="98" count="2" type="stmt"/>
        <line num="100" count="2" type="stmt"/>
        <line num="101" count="2" type="cond" truecount="1" falsecount="1"/>
        <line num="102" count="2" type="cond" truecount="1" falsecount="1"/>
        <line num="103" count="2" type="stmt"/>
        <line num="105" count="0" type="stmt"/>
        <line num="106" count="0" type="cond" truecount="0" falsecount="2"/>
        <line num="107" count="0" type="stmt"/>
        <line num="109" count="0" type="stmt"/>
      </file>
      <file name="index.ts" path="/Users/liujuping/web/ali-github/lowcode-engine/packages/designer/src/builtin-simulator/index.ts">
        <metrics statements="0" coveredstatements="0" conditionals="0" coveredconditionals="0" methods="0" coveredmethods="0"/>
      </file>
      <file name="renderer.ts" path="/Users/liujuping/web/ali-github/lowcode-engine/packages/designer/src/builtin-simulator/renderer.ts">
        <metrics statements="1" coveredstatements="1" conditionals="2" coveredconditionals="2" methods="1" coveredmethods="1"/>
        <line num="19" count="9" type="cond" truecount="2" falsecount="0"/>
      </file>
      <file name="resource-consumer.ts" path="/Users/liujuping/web/ali-github/lowcode-engine/packages/designer/src/builtin-simulator/resource-consumer.ts">
        <metrics statements="30" coveredstatements="29" conditionals="16" coveredconditionals="13" methods="8" coveredmethods="8"/>
        <line num="6" count="31" type="stmt"/>
        <line num="23" count="50" type="stmt"/>
        <line num="25" count="50" type="stmt"/>
        <line num="32" count="50" type="stmt"/>
        <line num="33" count="51" type="stmt"/>
        <line num="38" count="10" type="cond" truecount="2" falsecount="0"/>
        <line num="39" count="2" type="stmt"/>
        <line num="42" count="8" type="cond" truecount="2" falsecount="0"/>
        <line num="43" count="2" type="cond" truecount="2" falsecount="0"/>
        <line num="45" count="1" type="stmt"/>
        <line num="47" count="1" type="stmt"/>
        <line num="49" count="1" type="stmt"/>
        <line num="51" count="6" type="stmt"/>
        <line num="53" count="7" type="stmt"/>
        <line num="54" count="7" type="cond" truecount="1" falsecount="1"/>
        <line num="55" count="0" type="stmt"/>
        <line num="57" count="7" type="stmt"/>
        <line num="59" count="7" type="cond" truecount="2" falsecount="0"/>
        <line num="60" count="1" type="stmt"/>
        <line num="62" count="6" type="stmt"/>
        <line num="68" count="1" type="cond" truecount="1" falsecount="1"/>
        <line num="69" count="1" type="stmt"/>
        <line num="71" count="1" type="cond" truecount="1" falsecount="1"/>
        <line num="72" count="1" type="stmt"/>
        <line num="74" count="1" type="stmt"/>
        <line num="77" count="50" type="stmt"/>
        <line num="82" count="7" type="cond" truecount="2" falsecount="0"/>
        <line num="83" count="6" type="stmt"/>
        <line num="85" count="1" type="stmt"/>
        <line num="86" count="1" type="stmt"/>
      </file>
      <file name="viewport.ts" path="/Users/liujuping/web/ali-github/lowcode-engine/packages/designer/src/builtin-simulator/viewport.ts">
        <metrics statements="70" coveredstatements="69" conditionals="26" coveredconditionals="22" methods="26" coveredmethods="26"/>
        <line num="11" count="29" type="cond" truecount="2" falsecount="0"/>
        <line num="12" count="17" type="stmt"/>
        <line num="14" count="12" type="stmt"/>
        <line num="15" count="12" type="stmt"/>
        <line num="16" count="5" type="stmt"/>
        <line num="18" count="12" type="stmt"/>
        <line num="22" count="1" type="stmt"/>
        <line num="23" count="1" type="stmt"/>
        <line num="29" count="27" type="stmt"/>
        <line num="33" count="10" type="cond" truecount="4" falsecount="0"/>
        <line num="34" count="1" type="stmt"/>
        <line num="36" count="9" type="stmt"/>
        <line num="37" count="9" type="stmt"/>
        <line num="41" count="14" type="cond" truecount="1" falsecount="1"/>
        <line num="42" count="14" type="stmt"/>
        <line num="47" count="5" type="cond" truecount="2" falsecount="0"/>
        <line num="48" count="1" type="stmt"/>
        <line num="50" count="4" type="stmt"/>
        <line num="54" count="2" type="stmt"/>
        <line num="55" count="2" type="cond" truecount="1" falsecount="1"/>
        <line num="56" count="2" type="stmt"/>
        <line num="57" count="2" type="stmt"/>
        <line num="62" count="5" type="cond" truecount="2" falsecount="0"/>
        <line num="63" count="1" type="stmt"/>
        <line num="65" count="4" type="stmt"/>
        <line num="69" count="2" type="stmt"/>
        <line num="70" count="2" type="cond" truecount="1" falsecount="1"/>
        <line num="71" count="2" type="stmt"/>
        <line num="72" count="2" type="stmt"/>
        <line num="76" count="27" type="stmt"/>
        <line num="82" count="20" type="stmt"/>
        <line num="86" count="4" type="cond" truecount="4" falsecount="0"/>
        <line num="87" count="2" type="stmt"/>
        <line num="90" count="2" type="stmt"/>
        <line num="91" count="2" type="stmt"/>
        <line num="92" count="2" type="stmt"/>
        <line num="95" count="27" type="stmt"/>
        <line num="97" count="27" type="stmt"/>
        <line num="100" count="5" type="stmt"/>
        <line num="104" count="1" type="stmt"/>
        <line num="108" count="5" type="stmt"/>
        <line num="112" count="1" type="stmt"/>
        <line num="115" count="27" type="stmt"/>
        <line num="117" count="27" type="stmt"/>
        <line num="120" count="2" type="stmt"/>
        <line num="124" count="2" type="stmt"/>
        <line num="133" count="3" type="stmt"/>
        <line num="136" count="27" type="stmt"/>
        <line num="139" count="2" type="stmt"/>
        <line num="143" count="3" type="stmt"/>
        <line num="144" count="3" type="stmt"/>
        <line num="145" count="3" type="stmt"/>
        <line num="148" count="3" type="stmt"/>
        <line num="149" count="1" type="stmt"/>
        <line num="150" count="1" type="stmt"/>
        <line num="151" count="1" type="stmt"/>
        <line num="152" count="1" type="cond" truecount="1" falsecount="1"/>
        <line num="153" count="0" type="stmt"/>
        <line num="155" count="1" type="stmt"/>
        <line num="156" count="1" type="stmt"/>
        <line num="159" count="3" type="stmt"/>
        <line num="160" count="3" type="stmt"/>
        <line num="164" count="3" type="cond" truecount="2" falsecount="0"/>
        <line num="165" count="1" type="stmt"/>
        <line num="168" count="2" type="stmt"/>
        <line num="169" count="2" type="stmt"/>
        <line num="176" count="3" type="cond" truecount="2" falsecount="0"/>
        <line num="177" count="1" type="stmt"/>
        <line num="180" count="2" type="stmt"/>
        <line num="181" count="2" type="stmt"/>
      </file>
    </package>
    <package name="src.builtin-simulator.bem-tools">
      <metrics statements="57" coveredstatements="57" conditionals="8" coveredconditionals="8" methods="24" coveredmethods="24"/>
      <file name="drag-resize-engine.ts" path="/Users/liujuping/web/ali-github/lowcode-engine/packages/designer/src/builtin-simulator/bem-tools/drag-resize-engine.ts">
        <metrics statements="48" coveredstatements="48" conditionals="6" coveredconditionals="6" methods="18" coveredmethods="18"/>
        <line num="11" count="2" type="stmt"/>
        <line num="16" count="2" type="stmt"/>
        <line num="17" count="2" type="stmt"/>
        <line num="21" count="2" type="stmt"/>
        <line num="34" count="3" type="cond" truecount="2" falsecount="0"/>
        <line num="35" count="1" type="stmt"/>
        <line num="38" count="2" type="stmt"/>
        <line num="39" count="2" type="stmt"/>
        <line num="40" count="2" type="stmt"/>
        <line num="41" count="2" type="stmt"/>
        <line num="43" count="2" type="stmt"/>
        <line num="46" count="2" type="stmt"/>
        <line num="62" count="2" type="stmt"/>
        <line num="63" count="1" type="stmt"/>
        <line num="64" count="1" type="stmt"/>
        <line num="65" count="1" type="stmt"/>
        <line num="66" count="1" type="stmt"/>
        <line num="69" count="1" type="stmt"/>
        <line num="70" count="1" type="stmt"/>
        <line num="71" count="1" type="stmt"/>
        <line num="73" count="1" type="stmt"/>
        <line num="76" count="2" type="stmt"/>
        <line num="77" count="2" type="stmt"/>
        <line num="78" count="2" type="stmt"/>
        <line num="79" count="2" type="stmt"/>
        <line num="80" count="2" type="stmt"/>
        <line num="81" count="2" type="stmt"/>
        <line num="82" count="2" type="stmt"/>
        <line num="85" count="2" type="stmt"/>
        <line num="86" count="2" type="stmt"/>
        <line num="87" count="2" type="stmt"/>
        <line num="88" count="2" type="stmt"/>
        <line num="90" count="2" type="stmt"/>
        <line num="91" count="2" type="stmt"/>
        <line num="92" count="1" type="stmt"/>
        <line num="97" count="1" type="stmt"/>
        <line num="98" count="1" type="stmt"/>
        <line num="99" count="1" type="stmt"/>
        <line num="106" count="1" type="stmt"/>
        <line num="107" count="1" type="stmt"/>
        <line num="108" count="1" type="stmt"/>
        <line num="113" count="1" type="stmt"/>
        <line num="114" count="1" type="stmt"/>
        <line num="115" count="1" type="stmt"/>
        <line num="120" count="2" type="stmt"/>
        <line num="122" count="2" type="cond" truecount="4" falsecount="0"/>
        <line num="123" count="1" type="stmt"/>
        <line num="125" count="1" type="stmt"/>
      </file>
      <file name="manager.ts" path="/Users/liujuping/web/ali-github/lowcode-engine/packages/designer/src/builtin-simulator/bem-tools/manager.ts">
        <metrics statements="9" coveredstatements="9" conditionals="2" coveredconditionals="2" methods="6" coveredmethods="6"/>
        <line num="14" count="190" type="stmt"/>
        <line num="17" count="190" type="stmt"/>
        <line num="21" count="2" type="stmt"/>
        <line num="22" count="2" type="stmt"/>
        <line num="24" count="1" type="stmt"/>
        <line num="28" count="2" type="stmt"/>
        <line num="29" count="2" type="cond" truecount="2" falsecount="0"/>
        <line num="30" count="1" type="stmt"/>
        <line num="35" count="4" type="stmt"/>
      </file>
    </package>
    <package name="src.designer">
      <metrics statements="635" coveredstatements="599" conditionals="419" coveredconditionals="363" methods="147" coveredmethods="145"/>
      <file name="active-tracker.ts" path="/Users/liujuping/web/ali-github/lowcode-engine/packages/designer/src/designer/active-tracker.ts">
        <metrics statements="11" coveredstatements="11" conditionals="2" coveredconditionals="2" methods="6" coveredmethods="6"/>
        <line num="14" count="191" type="stmt"/>
        <line num="19" count="10" type="cond" truecount="2" falsecount="0"/>
        <line num="20" count="5" type="stmt"/>
        <line num="22" count="10" type="stmt"/>
        <line num="23" count="10" type="stmt"/>
        <line num="27" count="2" type="stmt"/>
        <line num="31" count="1" type="stmt"/>
        <line num="43" count="1" type="stmt"/>
        <line num="47" count="191" type="stmt"/>
        <line num="48" count="191" type="stmt"/>
        <line num="49" count="2" type="stmt"/>
      </file>
      <file name="builtin-hotkey.ts" path="/Users/liujuping/web/ali-github/lowcode-engine/packages/designer/src/designer/builtin-hotkey.ts">
        <metrics statements="167" coveredstatements="151" conditionals="131" coveredconditionals="116" methods="16" coveredmethods="15"/>
        <line num="8" count="74" type="cond" truecount="2" falsecount="0"/>
        <line num="9" count="73" type="stmt"/>
        <line num="78" count="30" type="stmt"/>
        <line num="79" count="5" type="cond" truecount="2" falsecount="0"/>
        <line num="81" count="4" type="stmt"/>
        <line num="82" count="4" type="cond" truecount="4" falsecount="0"/>
        <line num="83" count="2" type="stmt"/>
        <line num="85" count="2" type="stmt"/>
        <line num="87" count="2" type="stmt"/>
        <line num="88" count="2" type="stmt"/>
        <line num="90" count="2" type="stmt"/>
        <line num="91" count="1" type="cond" truecount="1" falsecount="1"/>
        <line num="92" count="1" type="stmt"/>
        <line num="95" count="2" type="stmt"/>
        <line num="98" count="30" type="stmt"/>
        <line num="100" count="6" type="cond" truecount="2" falsecount="0"/>
        <line num="101" count="5" type="stmt"/>
        <line num="102" count="5" type="cond" truecount="4" falsecount="0"/>
        <line num="103" count="2" type="stmt"/>
        <line num="105" count="3" type="stmt"/>
        <line num="107" count="3" type="stmt"/>
        <line num="112" count="30" type="stmt"/>
        <line num="113" count="6" type="cond" truecount="2" falsecount="0"/>
        <line num="114" count="5" type="stmt"/>
        <line num="115" count="5" type="cond" truecount="4" falsecount="0"/>
        <line num="116" count="2" type="stmt"/>
        <line num="118" count="3" type="stmt"/>
        <line num="120" count="3" type="stmt"/>
        <line num="121" count="3" type="stmt"/>
        <line num="122" count="2" type="stmt"/>
        <line num="124" count="3" type="cond" truecount="4" falsecount="0"/>
        <line num="125" count="1" type="stmt"/>
        <line num="128" count="2" type="stmt"/>
        <line num="129" count="2" type="stmt"/>
        <line num="133" count="2" type="stmt"/>
        <line num="135" count="2" type="stmt"/>
        <line num="137" count="2" type="cond" truecount="2" falsecount="0"/>
        <line num="138" count="2" type="cond" truecount="1" falsecount="1"/>
        <line num="139" count="0" type="stmt"/>
        <line num="140" count="0" type="stmt"/>
        <line num="141" count="0" type="stmt"/>
        <line num="142" count="0" type="stmt"/>
        <line num="148" count="30" type="stmt"/>
        <line num="149" count="5" type="cond" truecount="2" falsecount="0"/>
        <line num="150" count="4" type="stmt"/>
        <line num="151" count="4" type="stmt"/>
        <line num="152" count="4" type="cond" truecount="5" falsecount="0"/>
        <line num="153" count="2" type="stmt"/>
        <line num="176" count="30" type="stmt"/>
        <line num="177" count="6" type="cond" truecount="2" falsecount="0"/>
        <line num="178" count="5" type="stmt"/>
        <line num="179" count="5" type="cond" truecount="4" falsecount="0"/>
        <line num="180" count="2" type="stmt"/>
        <line num="183" count="3" type="stmt"/>
        <line num="184" count="3" type="stmt"/>
        <line num="185" count="3" type="stmt"/>
        <line num="186" count="3" type="stmt"/>
        <line num="187" count="3" type="stmt"/>
        <line num="191" count="30" type="stmt"/>
        <line num="192" count="5" type="cond" truecount="2" falsecount="0"/>
        <line num="193" count="4" type="stmt"/>
        <line num="194" count="4" type="cond" truecount="4" falsecount="0"/>
        <line num="195" count="2" type="stmt"/>
        <line num="197" count="2" type="stmt"/>
        <line num="198" count="2" type="stmt"/>
        <line num="199" count="2" type="stmt"/>
        <line num="200" count="2" type="stmt"/>
        <line num="201" count="2" type="stmt"/>
        <line num="205" count="30" type="stmt"/>
        <line num="206" count="10" type="cond" truecount="2" falsecount="0"/>
        <line num="207" count="8" type="stmt"/>
        <line num="208" count="8" type="stmt"/>
        <line num="209" count="8" type="cond" truecount="4" falsecount="0"/>
        <line num="210" count="4" type="stmt"/>
        <line num="212" count="4" type="stmt"/>
        <line num="213" count="4" type="stmt"/>
        <line num="214" count="4" type="cond" truecount="4" falsecount="0"/>
        <line num="215" count="2" type="stmt"/>
        <line num="217" count="2" type="stmt"/>
        <line num="218" count="2" type="cond" truecount="2" falsecount="0"/>
        <line num="219" count="2" type="stmt"/>
        <line num="222" count="30" type="stmt"/>
        <line num="223" count="10" type="cond" truecount="2" falsecount="0"/>
        <line num="224" count="8" type="stmt"/>
        <line num="225" count="8" type="stmt"/>
        <line num="226" count="8" type="cond" truecount="4" falsecount="0"/>
        <line num="227" count="4" type="stmt"/>
        <line num="229" count="4" type="stmt"/>
        <line num="230" count="4" type="stmt"/>
        <line num="231" count="4" type="cond" truecount="4" falsecount="0"/>
        <line num="232" count="2" type="stmt"/>
        <line num="234" count="2" type="stmt"/>
        <line num="236" count="2" type="cond" truecount="2" falsecount="0"/>
        <line num="237" count="1" type="stmt"/>
        <line num="238" count="1" type="stmt"/>
        <line num="239" count="1" type="cond" truecount="1" falsecount="1"/>
        <line num="240" count="1" type="stmt"/>
        <line num="241" count="1" type="stmt"/>
        <line num="245" count="30" type="stmt"/>
        <line num="246" count="10" type="cond" truecount="2" falsecount="0"/>
        <line num="247" count="8" type="stmt"/>
        <line num="248" count="8" type="stmt"/>
        <line num="249" count="8" type="cond" truecount="4" falsecount="0"/>
        <line num="250" count="4" type="stmt"/>
        <line num="252" count="4" type="stmt"/>
        <line num="253" count="4" type="stmt"/>
        <line num="254" count="4" type="cond" truecount="4" falsecount="0"/>
        <line num="255" count="2" type="stmt"/>
        <line num="260" count="2" type="stmt"/>
        <line num="261" count="2" type="stmt"/>
        <line num="262" count="2" type="cond" truecount="1" falsecount="1"/>
        <line num="264" count="2" type="cond" truecount="2" falsecount="0"/>
        <line num="266" count="2" type="cond" truecount="2" falsecount="0"/>
        <line num="267" count="2" type="cond" truecount="1" falsecount="1"/>
        <line num="268" count="2" type="cond" truecount="2" falsecount="0"/>
        <line num="269" count="1" type="stmt"/>
        <line num="271" count="1" type="stmt"/>
        <line num="273" count="2" type="stmt"/>
        <line num="277" count="30" type="stmt"/>
        <line num="278" count="5" type="cond" truecount="2" falsecount="0"/>
        <line num="279" count="4" type="stmt"/>
        <line num="280" count="4" type="stmt"/>
        <line num="281" count="4" type="cond" truecount="4" falsecount="0"/>
        <line num="282" count="2" type="stmt"/>
        <line num="284" count="2" type="stmt"/>
        <line num="285" count="2" type="stmt"/>
        <line num="286" count="2" type="cond" truecount="4" falsecount="0"/>
        <line num="287" count="1" type="stmt"/>
        <line num="292" count="1" type="stmt"/>
        <line num="293" count="1" type="stmt"/>
        <line num="294" count="1" type="cond" truecount="1" falsecount="1"/>
        <line num="295" count="0" type="stmt"/>
        <line num="298" count="1" type="stmt"/>
        <line num="299" count="1" type="cond" truecount="1" falsecount="1"/>
        <line num="300" count="1" type="cond" truecount="1" falsecount="1"/>
        <line num="301" count="0" type="stmt"/>
        <line num="302" count="0" type="stmt"/>
        <line num="304" count="1" type="stmt"/>
        <line num="306" count="1" type="stmt"/>
        <line num="308" count="0" type="stmt"/>
        <line num="309" count="0" type="cond" truecount="0" falsecount="2"/>
        <line num="310" count="0" type="stmt"/>
        <line num="311" count="0" type="stmt"/>
        <line num="316" count="30" type="stmt"/>
        <line num="317" count="5" type="cond" truecount="2" falsecount="0"/>
        <line num="318" count="4" type="stmt"/>
        <line num="319" count="4" type="stmt"/>
        <line num="320" count="4" type="cond" truecount="4" falsecount="0"/>
        <line num="321" count="2" type="stmt"/>
        <line num="323" count="2" type="stmt"/>
        <line num="324" count="2" type="stmt"/>
        <line num="325" count="2" type="cond" truecount="4" falsecount="0"/>
        <line num="326" count="1" type="stmt"/>
        <line num="331" count="1" type="stmt"/>
        <line num="332" count="1" type="stmt"/>
        <line num="333" count="1" type="cond" truecount="1" falsecount="1"/>
        <line num="334" count="0" type="stmt"/>
        <line num="337" count="1" type="stmt"/>
        <line num="338" count="1" type="cond" truecount="1" falsecount="1"/>
        <line num="339" count="0" type="cond" truecount="0" falsecount="2"/>
        <line num="341" count="0" type="stmt"/>
        <line num="344" count="0" type="stmt"/>
        <line num="346" count="0" type="stmt"/>
        <line num="348" count="1" type="stmt"/>
        <line num="349" count="1" type="cond" truecount="1" falsecount="1"/>
        <line num="350" count="1" type="stmt"/>
        <line num="351" count="1" type="stmt"/>
      </file>
      <file name="designer.ts" path="/Users/liujuping/web/ali-github/lowcode-engine/packages/designer/src/designer/designer.ts">
        <metrics statements="230" coveredstatements="219" conditionals="139" coveredconditionals="114" methods="53" coveredmethods="53"/>
        <line num="49" count="189" type="stmt"/>
        <line num="51" count="189" type="stmt"/>
        <line num="53" count="189" type="stmt"/>
        <line num="59" count="189" type="stmt"/>
        <line num="62" count="1112" type="stmt"/>
        <line num="66" count="581" type="stmt"/>
        <line num="70" count="374" type="stmt"/>
        <line num="74" count="189" type="stmt"/>
        <line num="75" count="189" type="stmt"/>
        <line num="76" count="189" type="stmt"/>
        <line num="77" count="189" type="stmt"/>
        <line num="79" count="189" type="stmt"/>
        <line num="82" count="189" type="stmt"/>
        <line num="83" count="189" type="stmt"/>
        <line num="84" count="2" type="stmt"/>
        <line num="85" count="2" type="stmt"/>
        <line num="86" count="2" type="stmt"/>
        <line num="87" count="2" type="cond" truecount="2" falsecount="0"/>
        <line num="88" count="1" type="stmt"/>
        <line num="89" count="1" type="stmt"/>
        <line num="90" count="1" type="stmt"/>
        <line num="91" count="2" type="cond" truecount="2" falsecount="1"/>
        <line num="94" count="1" type="cond" truecount="1" falsecount="1"/>
        <line num="95" count="1" type="cond" truecount="1" falsecount="1"/>
        <line num="97" count="1" type="stmt"/>
        <line num="99" count="0" type="stmt"/>
        <line num="103" count="1" type="stmt"/>
        <line num="105" count="2" type="cond" truecount="1" falsecount="1"/>
        <line num="106" count="2" type="stmt"/>
        <line num="108" count="2" type="stmt"/>
        <line num="111" count="189" type="stmt"/>
        <line num="112" count="4" type="cond" truecount="1" falsecount="1"/>
        <line num="113" count="4" type="stmt"/>
        <line num="115" count="4" type="stmt"/>
        <line num="118" count="189" type="stmt"/>
        <line num="119" count="2" type="stmt"/>
        <line num="120" count="2" type="stmt"/>
        <line num="121" count="2" type="cond" truecount="1" falsecount="1"/>
        <line num="122" count="2" type="cond" truecount="3" falsecount="1"/>
        <line num="124" count="2" type="cond" truecount="2" falsecount="0"/>
        <line num="125" count="1" type="stmt"/>
        <line num="126" count="1" type="cond" truecount="1" falsecount="1"/>
        <line num="128" count="1" type="cond" truecount="1" falsecount="1"/>
        <line num="129" count="1" type="stmt"/>
        <line num="130" count="1" type="cond" truecount="1" falsecount="1"/>
        <line num="131" count="0" type="stmt"/>
        <line num="133" count="1" type="stmt"/>
        <line num="135" count="2" type="cond" truecount="1" falsecount="1"/>
        <line num="136" count="2" type="stmt"/>
        <line num="137" count="2" type="stmt"/>
        <line num="138" count="2" type="stmt"/>
        <line num="139" count="2" type="stmt"/>
        <line num="140" count="2" type="stmt"/>
        <line num="142" count="4" type="cond" truecount="3" falsecount="0"/>
        <line num="169" count="2" type="cond" truecount="1" falsecount="1"/>
        <line num="170" count="2" type="stmt"/>
        <line num="172" count="2" type="stmt"/>
        <line num="173" count="2" type="stmt"/>
        <line num="176" count="189" type="stmt"/>
        <line num="177" count="6" type="stmt"/>
        <line num="181" count="189" type="stmt"/>
        <line num="182" count="238" type="cond" truecount="2" falsecount="0"/>
        <line num="183" count="8" type="stmt"/>
        <line num="184" count="8" type="stmt"/>
        <line num="186" count="238" type="stmt"/>
        <line num="187" count="238" type="cond" truecount="2" falsecount="0"/>
        <line num="188" count="47" type="stmt"/>
        <line num="189" count="47" type="stmt"/>
        <line num="190" count="5" type="stmt"/>
        <line num="194" count="189" type="stmt"/>
        <line num="195" count="49" type="stmt"/>
        <line num="196" count="49" type="stmt"/>
        <line num="197" count="49" type="stmt"/>
        <line num="198" count="49" type="stmt"/>
        <line num="199" count="49" type="stmt"/>
        <line num="201" count="189" type="stmt"/>
        <line num="202" count="189" type="stmt"/>
        <line num="203" count="189" type="stmt"/>
        <line num="206" count="189" type="stmt"/>
        <line num="209" count="189" type="stmt"/>
        <line num="211" count="239" type="cond" truecount="1" falsecount="1"/>
        <line num="212" count="0" type="stmt"/>
        <line num="213" count="0" type="stmt"/>
        <line num="215" count="239" type="stmt"/>
        <line num="217" count="239" type="cond" truecount="1" falsecount="1"/>
        <line num="222" count="0" type="stmt"/>
        <line num="223" count="0" type="cond" truecount="0" falsecount="2"/>
        <line num="224" count="0" type="stmt"/>
        <line num="227" count="239" type="stmt"/>
        <line num="228" count="239" type="cond" truecount="2" falsecount="0"/>
        <line num="229" count="47" type="stmt"/>
        <line num="230" count="26" type="stmt"/>
        <line num="236" count="985" type="stmt"/>
        <line num="242" count="3" type="stmt"/>
        <line num="249" count="4" type="stmt"/>
        <line num="250" count="4" type="cond" truecount="4" falsecount="0"/>
        <line num="251" count="1" type="stmt"/>
        <line num="253" count="4" type="stmt"/>
        <line num="254" count="4" type="stmt"/>
        <line num="255" count="4" type="stmt"/>
        <line num="256" count="4" type="stmt"/>
        <line num="257" count="4" type="stmt"/>
        <line num="264" count="22" type="cond" truecount="2" falsecount="0"/>
        <line num="265" count="3" type="stmt"/>
        <line num="267" count="22" type="stmt"/>
        <line num="268" count="22" type="stmt"/>
        <line num="272" count="23" type="stmt"/>
        <line num="275" count="189" type="stmt"/>
        <line num="278" count="3" type="stmt"/>
        <line num="279" count="3" type="stmt"/>
        <line num="280" count="3" type="cond" truecount="1" falsecount="1"/>
        <line num="281" count="3" type="stmt"/>
        <line num="283" count="3" type="stmt"/>
        <line num="287" count="5" type="stmt"/>
        <line num="288" count="5" type="cond" truecount="4" falsecount="0"/>
        <line num="289" count="2" type="stmt"/>
        <line num="290" count="3" type="cond" truecount="2" falsecount="0"/>
        <line num="291" count="2" type="stmt"/>
        <line num="298" count="1" type="stmt"/>
        <line num="299" count="1" type="stmt"/>
        <line num="303" count="198" type="stmt"/>
        <line num="312" count="4" type="stmt"/>
        <line num="313" count="4" type="cond" truecount="2" falsecount="0"/>
        <line num="314" count="1" type="stmt"/>
        <line num="316" count="3" type="cond" truecount="1" falsecount="1"/>
        <line num="321" count="0" type="stmt"/>
        <line num="325" count="3" type="stmt"/>
        <line num="326" count="3" type="stmt"/>
        <line num="327" count="3" type="stmt"/>
        <line num="330" count="3" type="cond" truecount="4" falsecount="0"/>
        <line num="331" count="1" type="stmt"/>
        <line num="332" count="2" type="cond" truecount="2" falsecount="0"/>
        <line num="333" count="1" type="stmt"/>
        <line num="336" count="1" type="stmt"/>
        <line num="337" count="1" type="stmt"/>
        <line num="340" count="3" type="cond" truecount="4" falsecount="1"/>
        <line num="341" count="0" type="stmt"/>
        <line num="344" count="3" type="stmt"/>
        <line num="350" count="191" type="cond" truecount="2" falsecount="0"/>
        <line num="351" count="191" type="cond" truecount="2" falsecount="0"/>
        <line num="355" count="2" type="cond" truecount="2" falsecount="0"/>
        <line num="356" count="1" type="stmt"/>
        <line num="358" count="2" type="cond" truecount="2" falsecount="0"/>
        <line num="359" count="1" type="stmt"/>
        <line num="361" count="1" type="cond" truecount="1" falsecount="1"/>
        <line num="362" count="1" type="stmt"/>
        <line num="365" count="2" type="cond" truecount="4" falsecount="0"/>
        <line num="366" count="1" type="stmt"/>
        <line num="368" count="2" type="cond" truecount="2" falsecount="0"/>
        <line num="372" count="1" type="stmt"/>
        <line num="378" count="189" type="cond" truecount="2" falsecount="0"/>
        <line num="379" count="1" type="stmt"/>
        <line num="381" count="189" type="cond" truecount="2" falsecount="0"/>
        <line num="382" count="1" type="stmt"/>
        <line num="385" count="189" type="cond" truecount="2" falsecount="0"/>
        <line num="386" count="1" type="stmt"/>
        <line num="388" count="189" type="cond" truecount="2" falsecount="0"/>
        <line num="389" count="1" type="stmt"/>
        <line num="392" count="191" type="stmt"/>
        <line num="396" count="2" type="stmt"/>
        <line num="397" count="2" type="cond" truecount="2" falsecount="0"/>
        <line num="398" count="2" type="cond" truecount="2" falsecount="0"/>
        <line num="399" count="1" type="stmt"/>
        <line num="402" count="2" type="cond" truecount="2" falsecount="0"/>
        <line num="404" count="1" type="stmt"/>
        <line num="405" count="1" type="stmt"/>
        <line num="407" count="1" type="stmt"/>
        <line num="410" count="2" type="stmt"/>
        <line num="412" count="2" type="stmt"/>
        <line num="419" count="3" type="stmt"/>
        <line num="423" count="3" type="stmt"/>
        <line num="429" count="3" type="stmt"/>
        <line num="435" count="52" type="cond" truecount="2" falsecount="0"/>
        <line num="438" count="189" type="stmt"/>
        <line num="441" count="5" type="stmt"/>
        <line num="445" count="4" type="stmt"/>
        <line num="447" count="4" type="cond" truecount="2" falsecount="0"/>
        <line num="453" count="1" type="stmt"/>
        <line num="457" count="1" type="stmt"/>
        <line num="460" count="189" type="stmt"/>
        <line num="462" count="189" type="stmt"/>
        <line num="465" count="4" type="stmt"/>
        <line num="469" count="53" type="stmt"/>
        <line num="470" count="53" type="stmt"/>
        <line num="471" count="53" type="cond" truecount="2" falsecount="0"/>
        <line num="472" count="2" type="stmt"/>
        <line num="474" count="2" type="stmt"/>
        <line num="476" count="51" type="stmt"/>
        <line num="478" count="51" type="cond" truecount="2" falsecount="0"/>
        <line num="479" count="22" type="stmt"/>
        <line num="480" count="22" type="stmt"/>
        <line num="482" count="29" type="stmt"/>
        <line num="485" count="51" type="stmt"/>
        <line num="487" count="53" type="stmt"/>
        <line num="491" count="3" type="cond" truecount="2" falsecount="0"/>
        <line num="498" count="7074" type="cond" truecount="2" falsecount="0"/>
        <line num="499" count="78" type="stmt"/>
        <line num="502" count="6996" type="cond" truecount="2" falsecount="0"/>
        <line num="503" count="4716" type="stmt"/>
        <line num="506" count="2280" type="stmt"/>
        <line num="511" count="2280" type="stmt"/>
        <line num="513" count="2280" type="stmt"/>
        <line num="517" count="3" type="stmt"/>
        <line num="521" count="4" type="stmt"/>
        <line num="522" count="4" type="stmt"/>
        <line num="523" count="4" type="stmt"/>
        <line num="524" count="2" type="stmt"/>
        <line num="525" count="2" type="cond" truecount="1" falsecount="1"/>
        <line num="526" count="0" type="stmt"/>
        <line num="528" count="2" type="stmt"/>
        <line num="529" count="2" type="cond" truecount="1" falsecount="1"/>
        <line num="530" count="0" type="stmt"/>
        <line num="532" count="2" type="stmt"/>
        <line num="536" count="4" type="stmt"/>
        <line num="539" count="189" type="stmt"/>
        <line num="542" count="29969" type="cond" truecount="2" falsecount="0"/>
        <line num="544" count="1" type="stmt"/>
        <line num="547" count="29968" type="stmt"/>
        <line num="548" count="29968" type="cond" truecount="2" falsecount="0"/>
        <line num="549" count="29853" type="stmt"/>
        <line num="552" count="115" type="stmt"/>
        <line num="553" count="117" type="stmt"/>
        <line num="554" count="117" type="stmt"/>
        <line num="557" count="1" type="stmt"/>
        <line num="558" count="1" type="stmt"/>
        <line num="564" count="9" type="stmt"/>
        <line num="565" count="9" type="cond" truecount="2" falsecount="0"/>
        <line num="566" count="2" type="stmt"/>
        <line num="568" count="7" type="stmt"/>
        <line num="573" count="2" type="stmt"/>
      </file>
      <file name="detecting.ts" path="/Users/liujuping/web/ali-github/lowcode-engine/packages/designer/src/designer/detecting.ts">
        <metrics statements="22" coveredstatements="21" conditionals="10" coveredconditionals="10" methods="9" coveredmethods="8"/>
        <line num="5" count="31" type="stmt"/>
        <line num="8" count="190" type="stmt"/>
        <line num="11" count="3" type="stmt"/>
        <line num="15" count="8" type="stmt"/>
        <line num="16" count="8" type="cond" truecount="2" falsecount="0"/>
        <line num="17" count="5" type="stmt"/>
        <line num="21" count="190" type="stmt"/>
        <line num="23" count="190" type="stmt"/>
        <line num="25" count="190" type="stmt"/>
        <line num="28" count="190" type="stmt"/>
        <line num="32" count="21" type="stmt"/>
        <line num="36" count="7" type="cond" truecount="2" falsecount="0"/>
        <line num="37" count="6" type="stmt"/>
        <line num="38" count="6" type="stmt"/>
        <line num="43" count="3" type="cond" truecount="2" falsecount="0"/>
        <line num="44" count="2" type="stmt"/>
        <line num="45" count="2" type="stmt"/>
        <line num="50" count="3" type="cond" truecount="4" falsecount="0"/>
        <line num="51" count="2" type="stmt"/>
        <line num="56" count="1" type="stmt"/>
        <line num="57" count="1" type="stmt"/>
        <line num="58" count="0" type="stmt"/>
      </file>
      <file name="dragon.ts" path="/Users/liujuping/web/ali-github/lowcode-engine/packages/designer/src/designer/dragon.ts">
        <metrics statements="158" coveredstatements="150" conditionals="88" coveredconditionals="72" methods="48" coveredmethods="48"/>
        <line num="108" count="34" type="cond" truecount="2" falsecount="0"/>
        <line num="112" count="8" type="cond" truecount="2" falsecount="0"/>
        <line num="116" count="6" type="cond" truecount="3" falsecount="0"/>
        <line num="120" count="1" type="cond" truecount="2" falsecount="0"/>
        <line num="123" count="30" type="stmt"/>
        <line num="128" count="13" type="cond" truecount="2" falsecount="0"/>
        <line num="129" count="2" type="stmt"/>
        <line num="131" count="11" type="cond" truecount="2" falsecount="0"/>
        <line num="132" count="8" type="stmt"/>
        <line num="134" count="3" type="stmt"/>
        <line num="140" count="17" type="stmt"/>
        <line num="149" count="8" type="cond" truecount="2" falsecount="0"/>
        <line num="153" count="8" type="stmt"/>
        <line num="157" count="9" type="cond" truecount="2" falsecount="0"/>
        <line num="158" count="3" type="stmt"/>
        <line num="160" count="6" type="cond" truecount="2" falsecount="0"/>
        <line num="164" count="54" type="stmt"/>
        <line num="171" count="218" type="stmt"/>
        <line num="179" count="2" type="stmt"/>
        <line num="182" count="218" type="stmt"/>
        <line num="184" count="218" type="stmt"/>
        <line num="187" count="2" type="stmt"/>
        <line num="190" count="218" type="stmt"/>
        <line num="193" count="218" type="stmt"/>
        <line num="202" count="2" type="stmt"/>
        <line num="204" count="4" type="cond" truecount="4" falsecount="0"/>
        <line num="205" count="1" type="stmt"/>
        <line num="209" count="3" type="stmt"/>
        <line num="210" count="3" type="cond" truecount="2" falsecount="0"/>
        <line num="211" count="2" type="stmt"/>
        <line num="214" count="1" type="stmt"/>
        <line num="216" count="2" type="stmt"/>
        <line num="217" count="2" type="stmt"/>
        <line num="218" count="1" type="stmt"/>
        <line num="229" count="9" type="stmt"/>
        <line num="230" count="9" type="stmt"/>
        <line num="231" count="9" type="stmt"/>
        <line num="232" count="9" type="stmt"/>
        <line num="234" count="9" type="cond" truecount="2" falsecount="0"/>
        <line num="235" count="9" type="stmt"/>
        <line num="238" count="9" type="stmt"/>
        <line num="240" count="9" type="stmt"/>
        <line num="241" count="21" type="stmt"/>
        <line num="242" count="21" type="stmt"/>
        <line num="243" count="21" type="cond" truecount="3" falsecount="1"/>
        <line num="244" count="0" type="stmt"/>
        <line num="245" count="0" type="cond" truecount="0" falsecount="2"/>
        <line num="248" count="9" type="stmt"/>
        <line num="249" count="1" type="cond" truecount="1" falsecount="1"/>
        <line num="250" count="1" type="stmt"/>
        <line num="251" count="1" type="stmt"/>
        <line num="255" count="9" type="stmt"/>
        <line num="256" count="9" type="stmt"/>
        <line num="264" count="17" type="cond" truecount="2" falsecount="0"/>
        <line num="265" count="6" type="stmt"/>
        <line num="268" count="11" type="cond" truecount="4" falsecount="0"/>
        <line num="269" count="2" type="stmt"/>
        <line num="270" count="2" type="stmt"/>
        <line num="276" count="9" type="stmt"/>
        <line num="277" count="9" type="cond" truecount="1" falsecount="1"/>
        <line num="278" count="9" type="stmt"/>
        <line num="288" count="9" type="stmt"/>
        <line num="290" count="13" type="stmt"/>
        <line num="292" count="13" type="cond" truecount="1" falsecount="1"/>
        <line num="294" count="13" type="cond" truecount="3" falsecount="1"/>
        <line num="295" count="0" type="stmt"/>
        <line num="296" count="0" type="stmt"/>
        <line num="298" count="13" type="stmt"/>
        <line num="300" count="13" type="stmt"/>
        <line num="301" count="13" type="stmt"/>
        <line num="302" count="13" type="stmt"/>
        <line num="338" count="13" type="cond" truecount="2" falsecount="0"/>
        <line num="339" count="2" type="stmt"/>
        <line num="340" count="2" type="stmt"/>
        <line num="342" count="11" type="stmt"/>
        <line num="344" count="13" type="stmt"/>
        <line num="347" count="9" type="stmt"/>
        <line num="348" count="7" type="stmt"/>
        <line num="349" count="7" type="stmt"/>
        <line num="350" count="7" type="stmt"/>
        <line num="351" count="7" type="cond" truecount="4" falsecount="0"/>
        <line num="352" count="3" type="stmt"/>
        <line num="354" count="4" type="stmt"/>
        <line num="356" count="7" type="stmt"/>
        <line num="358" count="7" type="cond" truecount="1" falsecount="1"/>
        <line num="359" count="7" type="stmt"/>
        <line num="360" count="7" type="stmt"/>
        <line num="364" count="7" type="stmt"/>
        <line num="368" count="9" type="stmt"/>
        <line num="373" count="13" type="cond" truecount="2" falsecount="0"/>
        <line num="375" count="6" type="stmt"/>
        <line num="376" count="6" type="stmt"/>
        <line num="380" count="7" type="cond" truecount="1" falsecount="1"/>
        <line num="382" count="7" type="stmt"/>
        <line num="383" count="7" type="stmt"/>
        <line num="387" count="9" type="stmt"/>
        <line num="396" count="9" type="stmt"/>
        <line num="398" count="9" type="cond" truecount="1" falsecount="1"/>
        <line num="399" count="0" type="stmt"/>
        <line num="400" count="0" type="cond" truecount="0" falsecount="4"/>
        <line num="401" count="0" type="stmt"/>
        <line num="403" count="0" type="stmt"/>
        <line num="407" count="9" type="cond" truecount="2" falsecount="0"/>
        <line num="408" count="8" type="stmt"/>
        <line num="425" count="9" type="stmt"/>
        <line num="431" count="9" type="cond" truecount="2" falsecount="0"/>
        <line num="432" count="1" type="stmt"/>
        <line num="442" count="9" type="stmt"/>
        <line num="445" count="9" type="cond" truecount="2" falsecount="0"/>
        <line num="446" count="7" type="stmt"/>
        <line num="447" count="7" type="stmt"/>
        <line num="448" count="7" type="stmt"/>
        <line num="453" count="9" type="stmt"/>
        <line num="455" count="9" type="stmt"/>
        <line num="465" count="9" type="stmt"/>
        <line num="466" count="9" type="stmt"/>
        <line num="467" count="9" type="stmt"/>
        <line num="468" count="9" type="stmt"/>
        <line num="477" count="9" type="stmt"/>
        <line num="478" count="41" type="stmt"/>
        <line num="485" count="41" type="stmt"/>
        <line num="488" count="41" type="cond" truecount="2" falsecount="2"/>
        <line num="489" count="41" type="stmt"/>
        <line num="490" count="41" type="stmt"/>
        <line num="518" count="41" type="stmt"/>
        <line num="521" count="9" type="stmt"/>
        <line num="573" count="9" type="stmt"/>
        <line num="585" count="9" type="stmt"/>
        <line num="590" count="9" type="cond" truecount="4" falsecount="0"/>
        <line num="591" count="6" type="stmt"/>
        <line num="592" count="6" type="stmt"/>
        <line num="593" count="6" type="stmt"/>
        <line num="615" count="49" type="stmt"/>
        <line num="620" count="18" type="stmt"/>
        <line num="621" count="18" type="stmt"/>
        <line num="622" count="11" type="stmt"/>
        <line num="630" count="7" type="stmt"/>
        <line num="631" count="7" type="stmt"/>
        <line num="632" count="5" type="stmt"/>
        <line num="640" count="14" type="stmt"/>
        <line num="641" count="14" type="stmt"/>
        <line num="642" count="9" type="stmt"/>
        <line num="650" count="9" type="stmt"/>
        <line num="651" count="9" type="stmt"/>
        <line num="652" count="4" type="stmt"/>
        <line num="661" count="2" type="stmt"/>
        <line num="668" count="2" type="stmt"/>
        <line num="669" count="2" type="cond" truecount="2" falsecount="0"/>
        <line num="670" count="1" type="stmt"/>
        <line num="675" count="194" type="stmt"/>
        <line num="676" count="194" type="stmt"/>
        <line num="677" count="2" type="stmt"/>
        <line num="682" count="194" type="stmt"/>
        <line num="683" count="194" type="stmt"/>
        <line num="684" count="2" type="stmt"/>
        <line num="689" count="194" type="stmt"/>
        <line num="690" count="194" type="stmt"/>
        <line num="691" count="2" type="stmt"/>
      </file>
      <file name="focusing.ts" path="/Users/liujuping/web/ali-github/lowcode-engine/packages/designer/src/designer/focusing.ts">
        <metrics statements="1" coveredstatements="1" conditionals="0" coveredconditionals="0" methods="0" coveredmethods="0"/>
        <line num="8" count="30" type="stmt"/>
      </file>
      <file name="index.ts" path="/Users/liujuping/web/ali-github/lowcode-engine/packages/designer/src/designer/index.ts">
        <metrics statements="0" coveredstatements="0" conditionals="0" coveredconditionals="0" methods="0" coveredmethods="0"/>
      </file>
      <file name="location.ts" path="/Users/liujuping/web/ali-github/lowcode-engine/packages/designer/src/designer/location.ts">
        <metrics statements="46" coveredstatements="46" conditionals="49" coveredconditionals="49" methods="15" coveredmethods="15"/>
        <line num="62" count="2" type="cond" truecount="3" falsecount="0"/>
        <line num="66" count="3" type="cond" truecount="2" falsecount="0"/>
        <line num="70" count="6" type="cond" truecount="2" falsecount="0"/>
        <line num="71" count="1" type="stmt"/>
        <line num="73" count="5" type="cond" truecount="2" falsecount="0"/>
        <line num="74" count="5" type="stmt"/>
        <line num="75" count="5" type="cond" truecount="2" falsecount="0"/>
        <line num="76" count="4" type="cond" truecount="2" falsecount="0"/>
        <line num="77" count="4" type="cond" truecount="4" falsecount="0"/>
        <line num="78" count="3" type="stmt"/>
        <line num="81" count="2" type="cond" truecount="2" falsecount="0"/>
        <line num="82" count="1" type="stmt"/>
        <line num="84" count="1" type="stmt"/>
        <line num="88" count="5" type="cond" truecount="2" falsecount="0"/>
        <line num="89" count="1" type="stmt"/>
        <line num="91" count="4" type="cond" truecount="2" falsecount="0"/>
        <line num="92" count="4" type="cond" truecount="2" falsecount="0"/>
        <line num="96" count="9" type="cond" truecount="4" falsecount="0"/>
        <line num="97" count="2" type="stmt"/>
        <line num="99" count="7" type="stmt"/>
        <line num="100" count="7" type="cond" truecount="4" falsecount="0"/>
        <line num="104" count="2" type="stmt"/>
        <line num="105" count="2" type="cond" truecount="2" falsecount="0"/>
        <line num="106" count="1" type="stmt"/>
        <line num="108" count="1" type="stmt"/>
        <line num="112" count="4" type="stmt"/>
        <line num="113" count="4" type="cond" truecount="2" falsecount="0"/>
        <line num="114" count="1" type="stmt"/>
        <line num="116" count="3" type="cond" truecount="4" falsecount="0"/>
        <line num="120" count="11" type="stmt"/>
        <line num="124" count="11" type="stmt"/>
        <line num="128" count="11" type="cond" truecount="2" falsecount="0"/>
        <line num="141" count="13" type="stmt"/>
        <line num="145" count="10" type="stmt"/>
        <line num="146" count="10" type="stmt"/>
        <line num="147" count="10" type="stmt"/>
        <line num="148" count="10" type="stmt"/>
        <line num="152" count="1" type="stmt"/>
        <line num="165" count="1" type="stmt"/>
        <line num="173" count="4" type="cond" truecount="2" falsecount="0"/>
        <line num="174" count="1" type="stmt"/>
        <line num="176" count="3" type="cond" truecount="2" falsecount="0"/>
        <line num="177" count="2" type="cond" truecount="2" falsecount="0"/>
        <line num="178" count="1" type="stmt"/>
        <line num="180" count="1" type="stmt"/>
        <line num="182" count="1" type="stmt"/>
      </file>
    </package>
    <package name="src.designer.setting">
      <metrics statements="290" coveredstatements="285" conditionals="157" coveredconditionals="140" methods="107" coveredmethods="106"/>
      <file name="index.ts" path="/Users/liujuping/web/ali-github/lowcode-engine/packages/designer/src/designer/setting/index.ts">
        <metrics statements="0" coveredstatements="0" conditionals="0" coveredconditionals="0" methods="0" coveredmethods="0"/>
      </file>
      <file name="setting-entry.ts" path="/Users/liujuping/web/ali-github/lowcode-engine/packages/designer/src/designer/setting/setting-entry.ts">
        <metrics statements="0" coveredstatements="0" conditionals="0" coveredconditionals="0" methods="0" coveredmethods="0"/>
      </file>
      <file name="setting-field.ts" path="/Users/liujuping/web/ali-github/lowcode-engine/packages/designer/src/designer/setting/setting-field.ts">
        <metrics statements="75" coveredstatements="74" conditionals="48" coveredconditionals="44" methods="22" coveredmethods="22"/>
        <line num="10" count="123" type="stmt"/>
        <line num="11" count="123" type="stmt"/>
        <line num="12" count="123" type="stmt"/>
        <line num="13" count="93" type="cond" truecount="4" falsecount="0"/>
        <line num="14" count="9" type="stmt"/>
        <line num="16" count="93" type="stmt"/>
        <line num="18" count="123" type="stmt"/>
        <line num="22" count="136" type="stmt"/>
        <line num="37" count="1" type="cond" truecount="1" falsecount="3"/>
        <line num="43" count="3" type="cond" truecount="2" falsecount="0"/>
        <line num="44" count="1" type="stmt"/>
        <line num="46" count="2" type="cond" truecount="2" falsecount="0"/>
        <line num="47" count="1" type="stmt"/>
        <line num="48" count="1" type="stmt"/>
        <line num="50" count="1" type="stmt"/>
        <line num="53" count="136" type="stmt"/>
        <line num="56" count="2" type="stmt"/>
        <line num="60" count="1" type="stmt"/>
        <line num="66" count="136" type="stmt"/>
        <line num="67" count="136" type="stmt"/>
        <line num="68" count="136" type="stmt"/>
        <line num="69" count="136" type="stmt"/>
        <line num="70" count="136" type="stmt"/>
        <line num="71" count="136" type="stmt"/>
        <line num="72" count="136" type="stmt"/>
        <line num="73" count="136" type="stmt"/>
        <line num="77" count="136" type="cond" truecount="2" falsecount="0"/>
        <line num="78" count="136" type="stmt"/>
        <line num="81" count="136" type="cond" truecount="4" falsecount="0"/>
        <line num="82" count="15" type="stmt"/>
        <line num="84" count="136" type="cond" truecount="5" falsecount="0"/>
        <line num="85" count="123" type="stmt"/>
        <line num="89" count="136" type="stmt"/>
        <line num="92" count="136" type="stmt"/>
        <line num="95" count="4" type="stmt"/>
        <line num="99" count="2" type="stmt"/>
        <line num="103" count="15" type="stmt"/>
        <line num="104" count="93" type="cond" truecount="1" falsecount="1"/>
        <line num="105" count="0" type="stmt"/>
        <line num="107" count="93" type="stmt"/>
        <line num="112" count="25" type="cond" truecount="2" falsecount="0"/>
        <line num="113" count="25" type="stmt"/>
        <line num="118" count="1" type="stmt"/>
        <line num="122" count="25" type="stmt"/>
        <line num="128" count="2" type="cond" truecount="2" falsecount="0"/>
        <line num="129" count="1" type="stmt"/>
        <line num="131" count="1" type="stmt"/>
        <line num="135" count="4" type="stmt"/>
        <line num="136" count="6" type="cond" truecount="2" falsecount="0"/>
        <line num="137" count="3" type="stmt"/>
        <line num="139" count="3" type="stmt"/>
        <line num="147" count="14" type="cond" truecount="2" falsecount="0"/>
        <line num="148" count="1" type="stmt"/>
        <line num="149" count="1" type="stmt"/>
        <line num="151" count="13" type="stmt"/>
        <line num="155" count="6" type="cond" truecount="2" falsecount="0"/>
        <line num="156" count="4" type="stmt"/>
        <line num="159" count="2" type="stmt"/>
        <line num="160" count="2" type="cond" truecount="2" falsecount="0"/>
        <line num="161" count="1" type="stmt"/>
        <line num="163" count="2" type="stmt"/>
        <line num="182" count="5" type="stmt"/>
        <line num="183" count="5" type="stmt"/>
        <line num="184" count="5" type="cond" truecount="2" falsecount="0"/>
        <line num="185" count="1" type="stmt"/>
        <line num="187" count="4" type="stmt"/>
        <line num="189" count="5" type="cond" truecount="2" falsecount="0"/>
        <line num="190" count="1" type="stmt"/>
        <line num="191" count="1" type="stmt"/>
        <line num="197" count="4" type="stmt"/>
        <line num="201" count="5" type="cond" truecount="5" falsecount="0"/>
        <line num="202" count="1" type="stmt"/>
        <line num="205" count="4" type="stmt"/>
        <line num="209" count="1" type="stmt"/>
        <line num="214" count="40" type="cond" truecount="2" falsecount="0"/>
      </file>
      <file name="setting-prop-entry.ts" path="/Users/liujuping/web/ali-github/lowcode-engine/packages/designer/src/designer/setting/setting-prop-entry.ts">
        <metrics statements="104" coveredstatements="104" conditionals="43" coveredconditionals="39" methods="33" coveredmethods="33"/>
        <line num="35" count="149" type="stmt"/>
        <line num="37" count="149" type="stmt"/>
        <line num="43" count="113" type="stmt"/>
        <line num="47" count="17" type="stmt"/>
        <line num="48" count="17" type="cond" truecount="2" falsecount="0"/>
        <line num="49" count="9" type="stmt"/>
        <line num="51" count="17" type="stmt"/>
        <line num="54" count="149" type="stmt"/>
        <line num="57" count="149" type="stmt"/>
        <line num="58" count="149" type="cond" truecount="2" falsecount="0"/>
        <line num="59" count="22" type="cond" truecount="1" falsecount="1"/>
        <line num="60" count="22" type="cond" truecount="2" falsecount="0"/>
        <line num="61" count="1" type="stmt"/>
        <line num="63" count="21" type="stmt"/>
        <line num="66" count="127" type="stmt"/>
        <line num="69" count="149" type="stmt"/>
        <line num="70" count="149" type="stmt"/>
        <line num="73" count="149" type="stmt"/>
        <line num="74" count="149" type="stmt"/>
        <line num="75" count="149" type="stmt"/>
        <line num="76" count="149" type="stmt"/>
        <line num="77" count="149" type="stmt"/>
        <line num="78" count="149" type="stmt"/>
        <line num="79" count="149" type="stmt"/>
        <line num="80" count="149" type="stmt"/>
        <line num="84" count="1" type="stmt"/>
        <line num="88" count="4" type="cond" truecount="2" falsecount="0"/>
        <line num="89" count="2" type="stmt"/>
        <line num="91" count="2" type="stmt"/>
        <line num="92" count="2" type="stmt"/>
        <line num="93" count="2" type="stmt"/>
        <line num="94" count="2" type="stmt"/>
        <line num="96" count="2" type="stmt"/>
        <line num="100" count="2" type="stmt"/>
        <line num="104" count="3" type="cond" truecount="2" falsecount="0"/>
        <line num="105" count="2" type="stmt"/>
        <line num="107" count="1" type="stmt"/>
        <line num="108" count="1" type="stmt"/>
        <line num="109" count="1" type="stmt"/>
        <line num="110" count="1" type="stmt"/>
        <line num="163" count="69" type="cond" truecount="2" falsecount="0"/>
        <line num="164" count="68" type="stmt"/>
        <line num="166" count="69" type="stmt"/>
        <line num="167" count="69" type="stmt"/>
        <line num="168" count="69" type="cond" truecount="2" falsecount="0"/>
        <line num="170" count="1" type="stmt"/>
        <line num="171" count="1" type="stmt"/>
        <line num="179" count="21" type="stmt"/>
        <line num="180" count="21" type="cond" truecount="1" falsecount="1"/>
        <line num="181" count="21" type="stmt"/>
        <line num="184" count="21" type="stmt"/>
        <line num="185" count="21" type="cond" truecount="4" falsecount="0"/>
        <line num="186" count="1" type="stmt"/>
        <line num="187" count="1" type="stmt"/>
        <line num="193" count="21" type="stmt"/>
        <line num="195" count="21" type="cond" truecount="2" falsecount="0"/>
        <line num="196" count="16" type="stmt"/>
        <line num="204" count="3" type="cond" truecount="1" falsecount="1"/>
        <line num="205" count="3" type="stmt"/>
        <line num="207" count="3" type="stmt"/>
        <line num="208" count="3" type="cond" truecount="2" falsecount="0"/>
        <line num="209" count="1" type="stmt"/>
        <line num="210" count="1" type="stmt"/>
        <line num="222" count="1" type="stmt"/>
        <line num="223" count="1" type="stmt"/>
        <line num="230" count="3" type="stmt"/>
        <line num="231" count="3" type="stmt"/>
        <line num="238" count="1" type="stmt"/>
        <line num="239" count="1" type="stmt"/>
        <line num="246" count="13" type="stmt"/>
        <line num="253" count="1" type="stmt"/>
        <line num="260" count="1" type="stmt"/>
        <line num="265" count="22" type="stmt"/>
        <line num="269" count="1" type="stmt"/>
        <line num="273" count="1" type="stmt"/>
        <line num="278" count="1" type="stmt"/>
        <line num="282" count="1" type="stmt"/>
        <line num="284" count="1" type="stmt"/>
        <line num="285" count="1" type="stmt"/>
        <line num="293" count="23" type="stmt"/>
        <line num="295" count="23" type="cond" truecount="4" falsecount="0"/>
        <line num="296" count="3" type="stmt"/>
        <line num="301" count="21" type="stmt"/>
        <line num="310" count="1" type="stmt"/>
        <line num="314" count="1" type="stmt"/>
        <line num="318" count="4" type="stmt"/>
        <line num="319" count="4" type="cond" truecount="2" falsecount="0"/>
        <line num="320" count="3" type="stmt"/>
        <line num="322" count="1" type="stmt"/>
        <line num="326" count="1" type="stmt"/>
        <line num="327" count="1" type="stmt"/>
        <line num="335" count="3" type="cond" truecount="2" falsecount="0"/>
        <line num="336" count="1" type="stmt"/>
        <line num="338" count="2" type="stmt"/>
        <line num="339" count="2" type="cond" truecount="2" falsecount="0"/>
        <line num="340" count="1" type="stmt"/>
        <line num="342" count="1" type="stmt"/>
        <line num="351" count="14" type="stmt"/>
        <line num="355" count="2" type="stmt"/>
        <line num="359" count="6" type="stmt"/>
        <line num="360" count="6" type="cond" truecount="2" falsecount="0"/>
        <line num="361" count="3" type="stmt"/>
        <line num="363" count="3" type="stmt"/>
        <line num="367" count="10" type="stmt"/>
      </file>
      <file name="setting-top-entry.ts" path="/Users/liujuping/web/ali-github/lowcode-engine/packages/designer/src/designer/setting/setting-top-entry.ts">
        <metrics statements="79" coveredstatements="78" conditionals="20" coveredconditionals="19" methods="44" coveredmethods="43"/>
        <line num="12" count="200" type="stmt"/>
        <line num="13" count="202" type="stmt"/>
        <line num="19" count="202" type="stmt"/>
        <line num="21" count="202" type="stmt"/>
        <line num="23" count="202" type="stmt"/>
        <line num="25" count="202" type="stmt"/>
        <line num="27" count="202" type="stmt"/>
        <line num="29" count="202" type="stmt"/>
        <line num="31" count="202" type="stmt"/>
        <line num="33" count="202" type="stmt"/>
        <line num="36" count="658" type="stmt"/>
        <line num="40" count="2" type="stmt"/>
        <line num="47" count="58" type="stmt"/>
        <line num="54" count="58" type="stmt"/>
        <line num="58" count="0" type="stmt"/>
        <line num="65" count="58" type="stmt"/>
        <line num="74" count="202" type="stmt"/>
        <line num="77" count="202" type="cond" truecount="4" falsecount="0"/>
        <line num="78" count="2" type="stmt"/>
        <line num="80" count="200" type="stmt"/>
        <line num="81" count="200" type="stmt"/>
        <line num="82" count="200" type="stmt"/>
        <line num="85" count="200" type="stmt"/>
        <line num="88" count="200" type="stmt"/>
        <line num="90" count="200" type="stmt"/>
        <line num="95" count="200" type="stmt"/>
        <line num="96" count="200" type="stmt"/>
        <line num="97" count="200" type="stmt"/>
        <line num="98" count="200" type="stmt"/>
        <line num="99" count="200" type="stmt"/>
        <line num="100" count="2" type="stmt"/>
        <line num="101" count="2" type="cond" truecount="2" falsecount="0"/>
        <line num="102" count="1" type="stmt"/>
        <line num="103" count="1" type="stmt"/>
        <line num="106" count="200" type="cond" truecount="2" falsecount="0"/>
        <line num="107" count="199" type="stmt"/>
        <line num="108" count="199" type="stmt"/>
        <line num="110" count="1" type="stmt"/>
        <line num="111" count="1" type="stmt"/>
        <line num="116" count="201" type="cond" truecount="2" falsecount="0"/>
        <line num="117" count="200" type="stmt"/>
        <line num="118" count="200" type="stmt"/>
        <line num="119" count="123" type="stmt"/>
        <line num="121" count="200" type="stmt"/>
        <line num="122" count="45" type="cond" truecount="2" falsecount="0"/>
        <line num="123" count="3" type="stmt"/>
        <line num="125" count="42" type="stmt"/>
        <line num="127" count="200" type="stmt"/>
        <line num="132" count="200" type="stmt"/>
        <line num="133" count="1" type="stmt"/>
        <line num="141" count="2" type="stmt"/>
        <line num="148" count="1" type="stmt"/>
        <line num="156" count="23" type="cond" truecount="1" falsecount="1"/>
        <line num="157" count="23" type="cond" truecount="2" falsecount="0"/>
        <line num="164" count="25" type="stmt"/>
        <line num="165" count="28" type="stmt"/>
        <line num="173" count="6" type="stmt"/>
        <line num="174" count="7" type="stmt"/>
        <line num="182" count="83" type="stmt"/>
        <line num="189" count="5" type="stmt"/>
        <line num="196" count="3" type="stmt"/>
        <line num="197" count="4" type="stmt"/>
        <line num="203" count="2" type="stmt"/>
        <line num="204" count="2" type="stmt"/>
        <line num="210" count="1" type="stmt"/>
        <line num="211" count="1" type="stmt"/>
        <line num="216" count="185" type="cond" truecount="2" falsecount="0"/>
        <line num="217" count="185" type="stmt"/>
        <line num="221" count="185" type="stmt"/>
        <line num="222" count="185" type="stmt"/>
        <line num="223" count="185" type="stmt"/>
        <line num="224" count="185" type="stmt"/>
        <line num="225" count="185" type="stmt"/>
        <line num="230" count="13" type="stmt"/>
        <line num="251" count="1" type="stmt"/>
        <line num="255" count="1" type="stmt"/>
        <line num="262" count="1" type="stmt"/>
        <line num="266" count="2" type="stmt"/>
        <line num="274" count="6" type="cond" truecount="2" falsecount="0"/>
      </file>
      <file name="utils.ts" path="/Users/liujuping/web/ali-github/lowcode-engine/packages/designer/src/designer/setting/utils.ts">
        <metrics statements="32" coveredstatements="29" conditionals="46" coveredconditionals="38" methods="8" coveredmethods="8"/>
        <line num="8" count="136" type="cond" truecount="4" falsecount="1"/>
        <line num="12" count="136" type="stmt"/>
        <line num="22" count="136" type="cond" truecount="3" falsecount="1"/>
        <line num="23" count="136" type="stmt"/>
        <line num="24" count="136" type="stmt"/>
        <line num="27" count="136" type="stmt"/>
        <line num="28" count="2" type="cond" truecount="3" falsecount="0"/>
        <line num="29" count="5" type="cond" truecount="3" falsecount="0"/>
        <line num="39" count="136" type="stmt"/>
        <line num="44" count="136" type="cond" truecount="1" falsecount="1"/>
        <line num="45" count="0" type="stmt"/>
        <line num="46" count="136" type="cond" truecount="2" falsecount="2"/>
        <line num="47" count="0" type="stmt"/>
        <line num="48" count="136" type="cond" truecount="4" falsecount="0"/>
        <line num="49" count="24" type="cond" truecount="2" falsecount="0"/>
        <line num="58" count="136" type="stmt"/>
        <line num="60" count="136" type="cond" truecount="2" falsecount="0"/>
        <line num="61" count="3" type="stmt"/>
        <line num="62" count="3" type="stmt"/>
        <line num="63" count="3" type="stmt"/>
        <line num="65" count="136" type="cond" truecount="2" falsecount="0"/>
        <line num="66" count="42" type="cond" truecount="2" falsecount="0"/>
        <line num="67" count="42" type="stmt"/>
        <line num="69" count="42" type="cond" truecount="1" falsecount="1"/>
        <line num="71" count="136" type="cond" truecount="4" falsecount="0"/>
        <line num="72" count="3" type="stmt"/>
        <line num="73" count="3" type="stmt"/>
        <line num="74" count="0" type="stmt"/>
        <line num="77" count="136" type="stmt"/>
        <line num="78" count="136" type="stmt"/>
        <line num="82" count="2" type="stmt"/>
        <line num="86" count="5" type="stmt"/>
      </file>
    </package>
    <package name="src.document">
      <metrics statements="373" coveredstatements="373" conditionals="187" coveredconditionals="178" methods="121" coveredmethods="120"/>
      <file name="document-model.ts" path="/Users/liujuping/web/ali-github/lowcode-engine/packages/designer/src/document/document-model.ts">
        <metrics statements="207" coveredstatements="207" conditionals="114" coveredconditionals="105" methods="76" coveredmethods="75"/>
        <line num="31" count="248" type="stmt"/>
        <line num="36" count="248" type="stmt"/>
        <line num="48" count="248" type="stmt"/>
        <line num="54" count="248" type="stmt"/>
        <line num="56" count="248" type="stmt"/>
        <line num="60" count="248" type="stmt"/>
        <line num="65" count="248" type="stmt"/>
        <line num="71" count="2376" type="stmt"/>
        <line num="75" count="6164" type="stmt"/>
        <line num="79" count="27" type="cond" truecount="2" falsecount="0"/>
        <line num="83" count="1" type="stmt"/>
        <line num="87" count="45" type="cond" truecount="2" falsecount="0"/>
        <line num="88" count="2" type="stmt"/>
        <line num="90" count="43" type="stmt"/>
        <line num="91" count="43" type="cond" truecount="4" falsecount="0"/>
        <line num="92" count="1" type="stmt"/>
        <line num="94" count="42" type="stmt"/>
        <line num="97" count="248" type="stmt"/>
        <line num="100" count="3" type="stmt"/>
        <line num="107" count="248" type="stmt"/>
        <line num="110" count="248" type="stmt"/>
[...]
        <line num="72" count="4" type="cond" truecount="2" falsecount="0"/>
        <line num="73" count="1" type="stmt"/>
        <line num="75" count="3" type="cond" truecount="2" falsecount="0"/>
        <line num="76" count="3" type="cond" truecount="4" falsecount="0"/>
        <line num="77" count="2" type="stmt"/>
        <line num="79" count="1" type="stmt"/>
        <line num="82" count="33" type="stmt"/>
      </file>
      <file name="plugin-manager.ts" path="/Users/liujuping/web/ali-github/lowcode-engine/packages/designer/src/plugin/plugin-manager.ts">
        <metrics statements="72" coveredstatements="72" conditionals="25" coveredconditionals="25" methods="17" coveredmethods="17"/>
        <line num="23" count="30" type="stmt"/>
        <line num="26" count="23" type="stmt"/>
        <line num="28" count="23" type="stmt"/>
        <line num="30" count="23" type="stmt"/>
        <line num="34" count="23" type="stmt"/>
        <line num="38" count="33" type="stmt"/>
        <line num="42" count="3" type="stmt"/>
        <line num="45" count="3" type="stmt"/>
        <line num="60" count="33" type="cond" truecount="2" falsecount="0"/>
        <line num="61" count="4" type="stmt"/>
        <line num="62" count="4" type="stmt"/>
        <line num="64" count="33" type="cond" truecount="1" falsecount="0"/>
        <line num="65" count="33" type="stmt"/>
        <line num="66" count="33" type="stmt"/>
        <line num="67" count="33" type="stmt"/>
        <line num="68" count="33" type="stmt"/>
        <line num="71" count="33" type="cond" truecount="2" falsecount="0"/>
        <line num="72" count="33" type="stmt"/>
        <line num="78" count="33" type="stmt"/>
        <line num="80" count="33" type="stmt"/>
        <line num="82" count="33" type="cond" truecount="2" falsecount="0"/>
        <line num="83" count="3" type="cond" truecount="2" falsecount="0"/>
        <line num="84" count="1" type="stmt"/>
        <line num="87" count="2" type="stmt"/>
        <line num="88" count="2" type="stmt"/>
        <line num="94" count="2" type="stmt"/>
        <line num="95" count="2" type="stmt"/>
        <line num="99" count="32" type="cond" truecount="2" falsecount="0"/>
        <line num="100" count="32" type="cond" truecount="4" falsecount="0"/>
        <line num="101" count="1" type="stmt"/>
        <line num="104" count="31" type="stmt"/>
        <line num="106" count="31" type="cond" truecount="2" falsecount="0"/>
        <line num="107" count="2" type="stmt"/>
        <line num="109" count="31" type="stmt"/>
        <line num="110" count="31" type="stmt"/>
        <line num="111" count="31" type="stmt"/>
        <line num="115" count="7" type="stmt"/>
        <line num="119" count="1" type="stmt"/>
        <line num="123" count="2" type="stmt"/>
        <line num="127" count="3" type="stmt"/>
        <line num="128" count="3" type="cond" truecount="2" falsecount="0"/>
        <line num="129" count="2" type="stmt"/>
        <line num="130" count="2" type="stmt"/>
        <line num="132" count="2" type="stmt"/>
        <line num="133" count="2" type="stmt"/>
        <line num="137" count="18" type="stmt"/>
        <line num="138" count="18" type="stmt"/>
        <line num="139" count="18" type="stmt"/>
        <line num="140" count="18" type="stmt"/>
        <line num="141" count="25" type="stmt"/>
        <line num="142" count="25" type="stmt"/>
        <line num="144" count="18" type="stmt"/>
        <line num="145" count="18" type="stmt"/>
        <line num="146" count="18" type="stmt"/>
        <line num="148" count="18" type="stmt"/>
        <line num="149" count="23" type="stmt"/>
        <line num="150" count="23" type="stmt"/>
        <line num="161" count="23" type="stmt"/>
        <line num="162" count="29" type="stmt"/>
        <line num="167" count="1" type="stmt"/>
        <line num="171" count="5" type="cond" truecount="2" falsecount="0"/>
        <line num="172" count="1" type="stmt"/>
        <line num="174" count="4" type="stmt"/>
        <line num="178" count="23" type="stmt"/>
        <line num="180" count="413" type="cond" truecount="2" falsecount="0"/>
        <line num="182" count="8" type="cond" truecount="2" falsecount="0"/>
        <line num="183" count="2" type="stmt"/>
        <line num="185" count="6" type="stmt"/>
        <line num="187" count="405" type="stmt"/>
        <line num="199" count="23" type="stmt"/>
        <line num="200" count="23" type="stmt"/>
        <line num="201" count="23" type="stmt"/>
      </file>
      <file name="plugin-types.ts" path="/Users/liujuping/web/ali-github/lowcode-engine/packages/designer/src/plugin/plugin-types.ts">
        <metrics statements="1" coveredstatements="1" conditionals="3" coveredconditionals="3" methods="1" coveredmethods="1"/>
        <line num="135" count="33" type="cond" truecount="3" falsecount="0"/>
      </file>
      <file name="plugin-utils.ts" path="/Users/liujuping/web/ali-github/lowcode-engine/packages/designer/src/plugin/plugin-utils.ts">
        <metrics statements="12" coveredstatements="12" conditionals="14" coveredconditionals="14" methods="4" coveredmethods="4"/>
        <line num="8" count="18" type="cond" truecount="4" falsecount="0"/>
        <line num="9" count="4" type="stmt"/>
        <line num="11" count="14" type="stmt"/>
        <line num="12" count="25" type="stmt"/>
        <line num="17" count="39" type="cond" truecount="4" falsecount="0"/>
        <line num="18" count="8" type="stmt"/>
        <line num="19" count="8" type="stmt"/>
        <line num="20" count="7" type="cond" truecount="2" falsecount="0"/>
        <line num="21" count="6" type="stmt"/>
        <line num="22" count="6" type="cond" truecount="4" falsecount="0"/>
        <line num="23" count="4" type="stmt"/>
        <line num="27" count="8" type="stmt"/>
      </file>
      <file name="plugin.ts" path="/Users/liujuping/web/ali-github/lowcode-engine/packages/designer/src/plugin/plugin.ts">
        <metrics statements="35" coveredstatements="35" conditionals="16" coveredconditionals="16" methods="15" coveredmethods="15"/>
        <line num="37" count="31" type="stmt"/>
        <line num="38" count="31" type="stmt"/>
        <line num="39" count="31" type="stmt"/>
        <line num="40" count="31" type="stmt"/>
        <line num="41" count="31" type="stmt"/>
        <line num="42" count="31" type="stmt"/>
        <line num="46" count="53" type="stmt"/>
        <line num="50" count="27" type="cond" truecount="2" falsecount="0"/>
        <line num="51" count="2" type="stmt"/>
        <line num="54" count="25" type="cond" truecount="2" falsecount="0"/>
        <line num="55" count="2" type="stmt"/>
        <line num="57" count="23" type="cond" truecount="3" falsecount="0"/>
        <line num="61" count="8" type="stmt"/>
        <line num="65" count="1" type="stmt"/>
        <line num="66" count="1" type="stmt"/>
        <line num="67" count="1" type="stmt"/>
        <line num="72" count="3" type="stmt"/>
        <line num="76" count="1" type="stmt"/>
        <line num="80" count="1" type="stmt"/>
        <line num="84" count="27" type="cond" truecount="4" falsecount="0"/>
        <line num="85" count="26" type="stmt"/>
        <line num="86" count="26" type="stmt"/>
        <line num="87" count="26" type="stmt"/>
        <line num="91" count="33" type="cond" truecount="2" falsecount="0"/>
        <line num="92" count="25" type="stmt"/>
        <line num="93" count="25" type="stmt"/>
        <line num="94" count="25" type="stmt"/>
        <line num="98" count="2" type="stmt"/>
        <line num="102" count="6" type="stmt"/>
        <line num="103" count="6" type="stmt"/>
        <line num="104" count="6" type="stmt"/>
        <line num="106" count="3" type="cond" truecount="2" falsecount="0"/>
        <line num="107" count="2" type="stmt"/>
        <line num="109" count="1" type="stmt"/>
        <line num="115" count="1" type="stmt"/>
      </file>
    </package>
    <package name="src.project">
      <metrics statements="113" coveredstatements="112" conditionals="69" coveredconditionals="65" methods="46" coveredmethods="46"/>
      <file name="index.ts" path="/Users/liujuping/web/ali-github/lowcode-engine/packages/designer/src/project/index.ts">
        <metrics statements="0" coveredstatements="0" conditionals="0" coveredconditionals="0" methods="0" coveredmethods="0"/>
      </file>
      <file name="project.ts" path="/Users/liujuping/web/ali-github/lowcode-engine/packages/designer/src/project/project.ts">
        <metrics statements="113" coveredstatements="112" conditionals="69" coveredconditionals="65" methods="46" coveredmethods="46"/>
        <line num="16" count="247" type="stmt"/>
        <line num="18" count="247" type="stmt"/>
        <line num="20" count="247" type="stmt"/>
        <line num="33" count="2452" type="cond" truecount="2" falsecount="0"/>
        <line num="39" count="247" type="stmt"/>
        <line num="40" count="247" type="stmt"/>
        <line num="44" count="1187" type="stmt"/>
        <line num="47" count="247" type="stmt"/>
        <line num="50" count="255" type="stmt"/>
        <line num="53" count="255" type="stmt"/>
        <line num="56" count="247" type="stmt"/>
        <line num="58" count="529" type="stmt"/>
        <line num="61" count="257" type="cond" truecount="2" falsecount="0"/>
        <line num="65" count="249" type="stmt"/>
        <line num="66" count="11" type="stmt"/>
        <line num="67" count="11" type="cond" truecount="1" falsecount="1"/>
        <line num="68" count="11" type="stmt"/>
        <line num="69" count="52" type="stmt"/>
        <line num="70" count="279" type="cond" truecount="1" falsecount="1"/>
        <line num="76" count="0" type="stmt"/>
        <line num="77" count="279" type="cond" truecount="2" falsecount="0"/>
        <line num="81" count="3" type="stmt"/>
        <line num="83" count="276" type="stmt"/>
        <line num="85" count="52" type="cond" truecount="2" falsecount="0"/>
        <line num="86" count="49" type="stmt"/>
        <line num="89" count="11" type="stmt"/>
        <line num="97" count="249" type="stmt"/>
        <line num="101" count="11" type="stmt"/>
        <line num="102" count="11" type="stmt"/>
        <line num="113" count="1" type="stmt"/>
        <line num="114" count="1" type="cond" truecount="2" falsecount="0"/>
        <line num="115" count="1" type="stmt"/>
        <line num="125" count="253" type="stmt"/>
        <line num="127" count="253" type="stmt"/>
        <line num="134" count="253" type="cond" truecount="2" falsecount="0"/>
        <line num="135" count="253" type="cond" truecount="2" falsecount="0"/>
        <line num="137" count="253" type="cond" truecount="2" falsecount="0"/>
        <line num="138" count="4" type="cond" truecount="2" falsecount="0"/>
        <line num="141" count="3" type="stmt"/>
        <line num="143" count="2" type="cond" truecount="2" falsecount="0"/>
        <line num="145" count="1" type="stmt"/>
        <line num="146" count="2" type="stmt"/>
        <line num="149" count="1" type="stmt"/>
        <line num="153" count="2" type="stmt"/>
        <line num="162" count="400" type="cond" truecount="2" falsecount="0"/>
        <line num="163" count="329" type="stmt"/>
        <line num="165" count="71" type="stmt"/>
        <line num="166" count="76" type="stmt"/>
        <line num="171" count="80" type="stmt"/>
        <line num="172" count="80" type="cond" truecount="2" falsecount="0"/>
        <line num="173" count="2" type="stmt"/>
        <line num="175" count="78" type="stmt"/>
        <line num="176" count="78" type="stmt"/>
        <line num="197" count="4" type="cond" truecount="2" falsecount="0"/>
        <line num="198" count="1" type="stmt"/>
        <line num="200" count="4" type="cond" truecount="2" falsecount="0"/>
        <line num="201" count="2" type="stmt"/>
        <line num="203" count="4" type="stmt"/>
        <line num="223" count="4" type="cond" truecount="2" falsecount="0"/>
        <line num="224" count="1" type="stmt"/>
        <line num="226" count="3" type="cond" truecount="2" falsecount="0"/>
        <line num="227" count="2" type="stmt"/>
        <line num="229" count="1" type="stmt"/>
        <line num="232" count="247" type="stmt"/>
        <line num="236" count="6" type="cond" truecount="2" falsecount="0"/>
        <line num="240" count="8" type="cond" truecount="2" falsecount="0"/>
        <line num="245" count="156" type="cond" truecount="2" falsecount="0"/>
        <line num="246" count="156" type="stmt"/>
        <line num="247" count="156" type="stmt"/>
        <line num="248" count="156" type="stmt"/>
        <line num="252" count="102" type="cond" truecount="2" falsecount="0"/>
        <line num="253" count="52" type="stmt"/>
        <line num="254" count="52" type="cond" truecount="2" falsecount="0"/>
        <line num="255" count="1" type="stmt"/>
        <line num="257" count="51" type="stmt"/>
        <line num="258" count="51" type="stmt"/>
        <line num="260" count="50" type="cond" truecount="2" falsecount="0"/>
        <line num="261" count="9" type="cond" truecount="2" falsecount="0"/>
        <line num="262" count="6" type="cond" truecount="2" falsecount="0"/>
        <line num="263" count="3" type="stmt"/>
        <line num="266" count="4" type="stmt"/>
        <line num="267" count="3" type="cond" truecount="2" falsecount="0"/>
        <line num="268" count="2" type="stmt"/>
        <line num="269" count="2" type="stmt"/>
        <line num="272" count="1" type="stmt"/>
        <line num="273" count="44" type="cond" truecount="2" falsecount="0"/>
        <line num="274" count="1" type="stmt"/>
        <line num="284" count="43" type="stmt"/>
        <line num="285" count="43" type="stmt"/>
        <line num="289" count="108" type="stmt"/>
        <line num="290" count="125" type="cond" truecount="2" falsecount="0"/>
        <line num="291" count="19" type="stmt"/>
        <line num="294" count="108" type="stmt"/>
        <line num="298" count="1" type="stmt"/>
        <line num="299" count="4" type="cond" truecount="2" falsecount="0"/>
        <line num="300" count="3" type="stmt"/>
        <line num="309" count="2" type="stmt"/>
        <line num="310" count="2" type="cond" truecount="2" falsecount="0"/>
        <line num="311" count="1" type="stmt"/>
        <line num="313" count="2" type="stmt"/>
        <line num="322" count="65" type="stmt"/>
        <line num="323" count="65" type="stmt"/>
        <line num="324" count="65" type="stmt"/>
        <line num="328" count="2" type="stmt"/>
        <line num="332" count="1" type="stmt"/>
        <line num="333" count="1" type="stmt"/>
        <line num="334" count="1" type="stmt"/>
        <line num="339" count="1" type="stmt"/>
        <line num="340" count="1" type="stmt"/>
        <line num="341" count="1" type="stmt"/>
        <line num="346" count="190" type="stmt"/>
        <line num="347" count="190" type="stmt"/>
        <line num="348" count="1" type="stmt"/>
      </file>
    </package>
    <package name="src.transducers">
      <metrics statements="12" coveredstatements="12" conditionals="9" coveredconditionals="9" methods="2" coveredmethods="2"/>
      <file name="index.ts" path="/Users/liujuping/web/ali-github/lowcode-engine/packages/designer/src/transducers/index.ts">
        <metrics statements="12" coveredstatements="12" conditionals="9" coveredconditionals="9" methods="2" coveredmethods="2"/>
        <line num="4" count="2356" type="stmt"/>
        <line num="5" count="2356" type="stmt"/>
        <line num="12" count="2356" type="stmt"/>
        <line num="13" count="2356" type="cond" truecount="1" falsecount="0"/>
        <line num="14" count="2356" type="cond" truecount="2" falsecount="0"/>
        <line num="18" count="2298" type="cond" truecount="2" falsecount="0"/>
        <line num="20" count="1" type="stmt"/>
        <line num="24" count="2297" type="cond" truecount="2" falsecount="0"/>
        <line num="27" count="1" type="stmt"/>
        <line num="31" count="2296" type="cond" truecount="2" falsecount="0"/>
        <line num="33" count="2" type="stmt"/>
        <line num="41" count="2356" type="stmt"/>
      </file>
    </package>
    <package name="src.types">
      <metrics statements="1" coveredstatements="1" conditionals="0" coveredconditionals="0" methods="0" coveredmethods="0"/>
      <file name="index.ts" path="/Users/liujuping/web/ali-github/lowcode-engine/packages/designer/src/types/index.ts">
        <metrics statements="1" coveredstatements="1" conditionals="0" coveredconditionals="0" methods="0" coveredmethods="0"/>
        <line num="15" count="30" type="stmt"/>
      </file>
    </package>
    <package name="src.utils">
      <metrics statements="31" coveredstatements="31" conditionals="21" coveredconditionals="21" methods="14" coveredmethods="14"/>
      <file name="index.ts" path="/Users/liujuping/web/ali-github/lowcode-engine/packages/designer/src/utils/index.ts">
        <metrics statements="0" coveredstatements="0" conditionals="0" coveredconditionals="0" methods="0" coveredmethods="0"/>
      </file>
      <file name="invariant.ts" path="/Users/liujuping/web/ali-github/lowcode-engine/packages/designer/src/utils/invariant.ts">
        <metrics statements="2" coveredstatements="2" conditionals="4" coveredconditionals="4" methods="1" coveredmethods="1"/>
        <line num="2" count="62" type="cond" truecount="2" falsecount="0"/>
        <line num="3" count="3" type="cond" truecount="2" falsecount="0"/>
      </file>
      <file name="misc.ts" path="/Users/liujuping/web/ali-github/lowcode-engine/packages/designer/src/utils/misc.ts">
        <metrics statements="17" coveredstatements="17" conditionals="8" coveredconditionals="8" methods="8" coveredmethods="8"/>
        <line num="5" count="2" type="stmt"/>
        <line num="15" count="7" type="stmt"/>
        <line num="16" count="7" type="stmt"/>
        <line num="17" count="7" type="stmt"/>
        <line num="18" count="7" type="stmt"/>
        <line num="31" count="2" type="stmt"/>
        <line num="41" count="13" type="stmt"/>
        <line num="42" count="13" type="cond" truecount="2" falsecount="0"/>
        <line num="43" count="13" type="stmt"/>
        <line num="44" count="13" type="stmt"/>
        <line num="45" count="13" type="stmt"/>
        <line num="46" count="13" type="stmt"/>
        <line num="47" count="3" type="stmt"/>
        <line num="48" count="3" type="cond" truecount="2" falsecount="0"/>
        <line num="49" count="2" type="stmt"/>
        <line num="53" count="13" type="stmt"/>
        <line num="54" count="35" type="stmt"/>
      </file>
      <file name="slot.ts" path="/Users/liujuping/web/ali-github/lowcode-engine/packages/designer/src/utils/slot.ts">
        <metrics statements="10" coveredstatements="10" conditionals="8" coveredconditionals="8" methods="4" coveredmethods="4"/>
        <line num="4" count="12" type="cond" truecount="1" falsecount="0"/>
        <line num="5" count="12" type="stmt"/>
        <line num="6" count="5" type="cond" truecount="2" falsecount="0"/>
        <line num="11" count="4" type="cond" truecount="1" falsecount="0"/>
        <line num="12" count="4" type="stmt"/>
        <line num="13" count="4" type="cond" truecount="4" falsecount="0"/>
        <line num="14" count="2" type="stmt"/>
        <line num="15" count="2" type="stmt"/>
        <line num="16" count="2" type="stmt"/>
        <line num="18" count="2" type="stmt"/>
      </file>
      <file name="tree.ts" path="/Users/liujuping/web/ali-github/lowcode-engine/packages/designer/src/utils/tree.ts">
        <metrics statements="2" coveredstatements="2" conditionals="1" coveredconditionals="1" methods="1" coveredmethods="1"/>
        <line num="11" count="277" type="stmt"/>
        <line num="12" count="17" type="stmt"/>
      </file>
    </package>
  </project>
</coverage>
