<?xml version="1.0" ?>
<!DOCTYPE coverage SYSTEM "http://cobertura.sourceforge.net/xml/coverage-04.dtd">
<coverage lines-valid="2944" lines-covered="2876" line-rate="0.9769" branches-valid="1876" branches-covered="1689" branch-rate="0.9003" timestamp="1663172273537" complexity="0" version="0.1">
  <sources>
    <source>/Users/liujuping/web/ali-github/lowcode-engine/packages/designer</source>
  </sources>
  <packages>
    <package name="src" line-rate="0.9708" branch-rate="0.8665999999999999">
      <classes>
        <class name="component-meta.ts" filename="src/component-meta.ts" line-rate="0.9703" branch-rate="0.8644">
          <methods>
            <method name="ensureAList" hits="35" signature="()V">
              <lines>
                <line number="34" hits="35"/>
              </lines>
            </method>
            <method name="buildFilter" hits="130" signature="()V">
              <lines>
                <line number="50" hits="130"/>
              </lines>
            </method>
            <method name="(anonymous_2)" hits="2" signature="()V">
              <lines>
                <line number="58" hits="2"/>
              </lines>
            </method>
            <method name="(anonymous_3)" hits="6" signature="()V">
              <lines>
                <line number="64" hits="6"/>
              </lines>
            </method>
            <method name="(anonymous_4)" hits="134" signature="()V">
              <lines>
                <line number="74" hits="134"/>
              </lines>
            </method>
            <method name="(anonymous_5)" hits="1" signature="()V">
              <lines>
                <line number="78" hits="1"/>
              </lines>
            </method>
            <method name="(anonymous_6)" hits="226" signature="()V">
              <lines>
                <line number="84" hits="226"/>
              </lines>
            </method>
            <method name="(anonymous_7)" hits="37" signature="()V">
              <lines>
                <line number="90" hits="37"/>
              </lines>
            </method>
            <method name="(anonymous_8)" hits="1" signature="()V">
              <lines>
                <line number="94" hits="1"/>
              </lines>
            </method>
            <method name="(anonymous_9)" hits="4552" signature="()V">
              <lines>
                <line number="100" hits="4552"/>
              </lines>
            </method>
            <method name="(anonymous_10)" hits="1" signature="()V">
              <lines>
                <line number="106" hits="1"/>
              </lines>
            </method>
            <method name="(anonymous_11)" hits="2" signature="()V">
              <lines>
                <line number="112" hits="2"/>
              </lines>
            </method>
            <method name="(anonymous_12)" hits="2558" signature="()V">
              <lines>
                <line number="118" hits="2558"/>
              </lines>
            </method>
            <method name="(anonymous_13)" hits="1" signature="()V">
              <lines>
                <line number="125" hits="1"/>
              </lines>
            </method>
            <method name="(anonymous_14)" hits="2" signature="()V">
              <lines>
                <line number="131" hits="2"/>
              </lines>
            </method>
            <method name="(anonymous_15)" hits="4" signature="()V">
              <lines>
                <line number="143" hits="4"/>
              </lines>
            </method>
            <method name="(anonymous_16)" hits="2" signature="()V">
              <lines>
                <line number="152" hits="2"/>
              </lines>
            </method>
            <method name="(anonymous_17)" hits="1" signature="()V">
              <lines>
                <line number="164" hits="1"/>
              </lines>
            </method>
            <method name="(anonymous_18)" hits="2329" signature="()V">
              <lines>
                <line number="168" hits="2329"/>
              </lines>
            </method>
            <method name="(anonymous_19)" hits="3" signature="()V">
              <lines>
                <line number="172" hits="3"/>
              </lines>
            </method>
            <method name="(anonymous_20)" hits="2356" signature="()V">
              <lines>
                <line number="178" hits="2356"/>
              </lines>
            </method>
            <method name="collectLiveTextEditing" hits="2433" signature="()V">
              <lines>
                <line number="200" hits="2433"/>
              </lines>
            </method>
            <method name="(anonymous_22)" hits="738" signature="()V">
              <lines>
                <line number="201" hits="738"/>
              </lines>
            </method>
            <method name="(anonymous_23)" hits="1" signature="()V">
              <lines>
                <line number="246" hits="1"/>
              </lines>
            </method>
            <method name="(anonymous_24)" hits="2356" signature="()V">
              <lines>
                <line number="250" hits="2356"/>
              </lines>
            </method>
            <method name="(anonymous_25)" hits="4720" signature="()V">
              <lines>
                <line number="251" hits="4720"/>
              </lines>
            </method>
            <method name="(anonymous_26)" hits="43" signature="()V">
              <lines>
                <line number="265" hits="43"/>
              </lines>
            </method>
            <method name="(anonymous_27)" hits="16" signature="()V">
              <lines>
                <line number="273" hits="16"/>
              </lines>
            </method>
            <method name="(anonymous_28)" hits="5" signature="()V">
              <lines>
                <line number="286" hits="5"/>
              </lines>
            </method>
            <method name="(anonymous_29)" hits="5" signature="()V">
              <lines>
                <line number="288" hits="5"/>
              </lines>
            </method>
            <method name="(anonymous_30)" hits="26" signature="()V">
              <lines>
                <line number="293" hits="26"/>
              </lines>
            </method>
            <method name="(anonymous_31)" hits="7590" signature="()V">
              <lines>
                <line number="297" hits="7590"/>
              </lines>
            </method>
            <method name="(anonymous_32)" hits="9" signature="()V">
              <lines>
                <line number="301" hits="9"/>
              </lines>
            </method>
            <method name="(anonymous_33)" hits="8" signature="()V">
              <lines>
                <line number="312" hits="8"/>
              </lines>
            </method>
            <method name="(anonymous_34)" hits="2" signature="()V">
              <lines>
                <line number="316" hits="2"/>
              </lines>
            </method>
            <method name="(anonymous_35)" hits="201" signature="()V">
              <lines>
                <line number="327" hits="201"/>
              </lines>
            </method>
            <method name="(anonymous_36)" hits="186" signature="()V">
              <lines>
                <line number="329" hits="186"/>
              </lines>
            </method>
            <method name="isComponentMeta" hits="1" signature="()V">
              <lines>
                <line number="338" hits="1"/>
              </lines>
            </method>
            <method name="preprocessMetadata" hits="2356" signature="()V">
              <lines>
                <line number="342" hits="2356"/>
              </lines>
            </method>
            <method name="registerMetadataTransducer" hits="62" signature="()V">
              <lines>
                <line number="376" hits="62"/>
              </lines>
            </method>
            <method name="(anonymous_40)" hits="35" signature="()V">
              <lines>
                <line number="383" hits="35"/>
              </lines>
            </method>
            <method name="getRegisteredMetadataTransducers" hits="2359" signature="()V">
              <lines>
                <line number="391" hits="2359"/>
              </lines>
            </method>
            <method name="(anonymous_42)" hits="3" signature="()V">
              <lines>
                <line number="419" hits="3"/>
              </lines>
            </method>
            <method name="(anonymous_43)" hits="3" signature="()V">
              <lines>
                <line number="467" hits="3"/>
              </lines>
            </method>
            <method name="(anonymous_44)" hits="3" signature="()V">
              <lines>
                <line number="483" hits="3"/>
              </lines>
            </method>
            <method name="removeBuiltinComponentAction" hits="1" signature="()V">
              <lines>
                <line number="490" hits="1"/>
              </lines>
            </method>
            <method name="(anonymous_46)" hits="1" signature="()V">
              <lines>
                <line number="491" hits="1"/>
              </lines>
            </method>
            <method name="addBuiltinComponentAction" hits="1" signature="()V">
              <lines>
                <line number="496" hits="1"/>
              </lines>
            </method>
            <method name="modifyBuiltinComponentAction" hits="1" signature="()V">
              <lines>
                <line number="500" hits="1"/>
              </lines>
            </method>
            <method name="(anonymous_49)" hits="2" signature="()V">
              <lines>
                <line number="504" hits="2"/>
              </lines>
            </method>
          </methods>
          <lines>
            <line number="35" hits="35" branch="true" condition-coverage="100% (2/2)"/>
            <line number="36" hits="16" branch="false"/>
            <line number="38" hits="19" branch="true" condition-coverage="100% (2/2)"/>
            <line number="39" hits="12" branch="true" condition-coverage="100% (2/2)"/>
            <line number="40" hits="1" branch="false"/>
            <line number="42" hits="11" branch="false"/>
            <line number="44" hits="18" branch="true" condition-coverage="100% (2/2)"/>
            <line number="45" hits="2" branch="false"/>
            <line number="47" hits="16" branch="false"/>
            <line number="51" hits="130" branch="true" condition-coverage="100% (2/2)"/>
            <line number="52" hits="110" branch="false"/>
            <line number="54" hits="20" branch="true" condition-coverage="100% (2/2)"/>
            <line number="55" hits="5" branch="false"/>
            <line number="57" hits="15" branch="true" condition-coverage="100% (2/2)"/>
            <line number="58" hits="2" branch="false"/>
            <line number="60" hits="14" branch="false"/>
            <line number="61" hits="14" branch="true" condition-coverage="100% (2/2)"/>
            <line number="62" hits="1" branch="false"/>
            <line number="64" hits="13" branch="false"/>
            <line number="68" hits="2329" branch="false"/>
            <line number="72" hits="2329" branch="false"/>
            <line number="75" hits="134" branch="false"/>
            <line number="79" hits="1" branch="false"/>
            <line number="85" hits="226" branch="false"/>
            <line number="91" hits="37" branch="true" condition-coverage="100% (2/2)"/>
            <line number="95" hits="1" branch="true" condition-coverage="100% (2/2)"/>
            <line number="101" hits="4552" branch="false"/>
            <line number="107" hits="1" branch="false"/>
            <line number="113" hits="2" branch="false"/>
            <line number="119" hits="2558" branch="false"/>
            <line number="120" hits="2558" branch="true" condition-coverage="100% (3/3)"/>
            <line number="126" hits="1" branch="false"/>
            <line number="132" hits="2" branch="false"/>
            <line number="146" hits="4" branch="true" condition-coverage="100% (2/2)"/>
            <line number="147" hits="1" branch="true" condition-coverage="50% (1/2)"/>
            <line number="149" hits="3" branch="true" condition-coverage="100% (2/2)"/>
            <line number="155" hits="2" branch="false"/>
            <line number="165" hits="1" branch="false"/>
            <line number="169" hits="2329" branch="false"/>
            <line number="173" hits="3" branch="true" condition-coverage="100% (2/2)"/>
            <line number="174" hits="1" branch="false"/>
            <line number="179" hits="2356" branch="false"/>
            <line number="180" hits="2356" branch="true" condition-coverage="100% (2/2)"/>
            <line number="181" hits="2356" branch="false"/>
            <line number="184" hits="2356" branch="false"/>
            <line number="186" hits="2356" branch="false"/>
            <line number="187" hits="2356" branch="true" condition-coverage="100% (2/2)"/>
            <line number="188" hits="72" branch="false"/>
            <line number="198" hits="2356" branch="true" condition-coverage="100% (2/2)"/>
            <line number="201" hits="2433" branch="false"/>
            <line number="202" hits="738" branch="true" condition-coverage="100% (2/2)"/>
            <line number="203" hits="77" branch="false"/>
            <line number="205" hits="661" branch="true" condition-coverage="100% (2/2)"/>
            <line number="206" hits="661" branch="true" condition-coverage="50% (1/2)"/>
            <line number="207" hits="0" branch="false"/>
            <line number="215" hits="2356" branch="false"/>
            <line number="216" hits="2356" branch="true" condition-coverage="50% (1/2)"/>
            <line number="218" hits="2356" branch="false"/>
            <line number="220" hits="2356" branch="true" condition-coverage="100% (2/2)"/>
            <line number="221" hits="5" branch="false"/>
            <line number="224" hits="2356" branch="true" condition-coverage="0% (0/1)"/>
            <line number="225" hits="2356" branch="false"/>
            <line number="227" hits="2356" branch="false"/>
            <line number="228" hits="2356" branch="true" condition-coverage="50% (1/2)"/>
            <line number="229" hits="2356" branch="false"/>
            <line number="230" hits="2356" branch="false"/>
            <line number="231" hits="2356" branch="false"/>
            <line number="232" hits="2356" branch="false"/>
            <line number="233" hits="2356" branch="false"/>
            <line number="234" hits="2356" branch="true" condition-coverage="100% (2/2)"/>
            <line number="235" hits="62" branch="false"/>
            <line number="236" hits="62" branch="false"/>
            <line number="237" hits="62" branch="false"/>
            <line number="240" hits="0" branch="false"/>
            <line number="241" hits="0" branch="false"/>
            <line number="243" hits="2356" branch="false"/>
            <line number="247" hits="1" branch="false"/>
            <line number="251" hits="2356" branch="false"/>
            <line number="252" hits="4720" branch="false"/>
            <line number="255" hits="2356" branch="true" condition-coverage="50% (1/2)"/>
            <line number="256" hits="0" branch="false"/>
            <line number="258" hits="2356" branch="true" condition-coverage="100% (4/4)"/>
            <line number="259" hits="33" branch="false"/>
            <line number="260" hits="33" branch="false"/>
            <line number="262" hits="2356" branch="false"/>
            <line number="266" hits="43" branch="false"/>
            <line number="275" hits="16" branch="true" condition-coverage="50% (1/2)"/>
            <line number="277" hits="16" branch="true" condition-coverage="100% (2/2)"/>
            <line number="279" hits="16" branch="false"/>
            <line number="284" hits="16" branch="true" condition-coverage="100% (2/2)"/>
            <line number="285" hits="2" branch="true" condition-coverage="100% (2/2)"/>
            <line number="286" hits="5" branch="false"/>
            <line number="288" hits="5" branch="false"/>
            <line number="290" hits="14" branch="false"/>
            <line number="294" hits="26" branch="false"/>
            <line number="298" hits="7590" branch="false"/>
            <line number="303" hits="9" branch="true" condition-coverage="100% (2/2)"/>
            <line number="304" hits="6" branch="false"/>
            <line number="309" hits="3" branch="false"/>
            <line number="314" hits="8" branch="true" condition-coverage="100% (2/2)"/>
            <line number="315" hits="2" branch="true" condition-coverage="50% (1/2)"/>
            <line number="316" hits="2" branch="false"/>
            <line number="317" hits="2" branch="true" condition-coverage="50% (1/2)"/>
            <line number="318" hits="2" branch="false"/>
            <line number="324" hits="6" branch="false"/>
            <line number="328" hits="201" branch="false"/>
            <line number="329" hits="201" branch="false"/>
            <line number="330" hits="186" branch="false"/>
            <line number="339" hits="1" branch="true" condition-coverage="100% (2/2)"/>
            <line number="343" hits="2356" branch="true" condition-coverage="100% (2/2)"/>
            <line number="344" hits="71" branch="true" condition-coverage="100% (2/2)"/>
            <line number="345" hits="1" branch="false"/>
            <line number="352" hits="70" branch="false"/>
            <line number="355" hits="2285" branch="false"/>
            <line number="374" hits="30" branch="false"/>
            <line number="381" hits="62" branch="false"/>
            <line number="382" hits="62" branch="false"/>
            <line number="383" hits="62" branch="true" condition-coverage="100% (2/2)"/>
            <line number="384" hits="62" branch="true" condition-coverage="100% (2/2)"/>
            <line number="385" hits="61" branch="false"/>
            <line number="387" hits="1" branch="false"/>
            <line number="392" hits="2359" branch="false"/>
            <line number="395" hits="30" branch="false"/>
            <line number="420" hits="3" branch="false"/>
            <line number="468" hits="3" branch="true" condition-coverage="33.33333333333333% (1/3)"/>
            <line number="484" hits="3" branch="true" condition-coverage="33.33333333333333% (1/3)"/>
            <line number="491" hits="1" branch="false"/>
            <line number="492" hits="1" branch="true" condition-coverage="50% (1/2)"/>
            <line number="493" hits="1" branch="false"/>
            <line number="497" hits="1" branch="false"/>
            <line number="504" hits="2" branch="false"/>
            <line number="505" hits="1" branch="true" condition-coverage="50% (1/2)"/>
            <line number="506" hits="1" branch="false"/>
            <line number="510" hits="30" branch="false"/>
            <line number="511" hits="30" branch="false"/>
          </lines>
        </class>
        <class name="index.ts" filename="src/index.ts" line-rate="0" branch-rate="0">
          <methods>
          </methods>
          <lines>
          </lines>
        </class>
        <class name="simulator.ts" filename="src/simulator.ts" line-rate="1" branch-rate="1">
          <methods>
            <method name="isSimulatorHost" hits="2" signature="()V">
              <lines>
                <line number="165" hits="2"/>
              </lines>
            </method>
          </methods>
          <lines>
            <line number="9" hits="31" branch="false"/>
            <line number="166" hits="2" branch="true" condition-coverage="100% (2/2)"/>
          </lines>
        </class>
      </classes>
    </package>
    <package name="src.builtin-simulator" line-rate="0.9459000000000001" branch-rate="0.7625">
      <classes>
        <class name="context.ts" filename="src/builtin-simulator/context.ts" line-rate="1" branch-rate="1">
          <methods>
          </methods>
          <lines>
            <line number="4" hits="30" branch="false"/>
          </lines>
        </class>
        <class name="create-simulator.ts" filename="src/builtin-simulator/create-simulator.ts" line-rate="0.8695" branch-rate="0.6666">
          <methods>
            <method name="createSimulator" hits="2" signature="()V">
              <lines>
                <line number="16" hits="2"/>
              </lines>
            </method>
            <method name="(anonymous_1)" hits="12" signature="()V">
              <lines>
                <line number="28" hits="12"/>
              </lines>
            </method>
            <method name="parseAssetList" hits="10" signature="()V">
              <lines>
                <line number="33" hits="10"/>
              </lines>
            </method>
            <method name="(anonymous_3)" hits="12" signature="()V">
              <lines>
                <line number="77" hits="12"/>
              </lines>
            </method>
            <method name="(anonymous_4)" hits="12" signature="()V">
              <lines>
                <line number="82" hits="12"/>
              </lines>
            </method>
            <method name="(anonymous_5)" hits="2" signature="()V">
              <lines>
                <line number="100" hits="2"/>
              </lines>
            </method>
            <method name="(anonymous_6)" hits="0" signature="()V">
              <lines>
                <line number="105" hits="0"/>
              </lines>
            </method>
          </methods>
          <lines>
            <line number="21" hits="2" branch="false"/>
            <line number="22" hits="2" branch="false"/>
            <line number="24" hits="2" branch="false"/>
            <line number="26" hits="2" branch="false"/>
            <line number="27" hits="2" branch="false"/>
            <line number="28" hits="2" branch="false"/>
            <line number="29" hits="12" branch="false"/>
            <line number="30" hits="12" branch="false"/>
            <line number="34" hits="10" branch="false"/>
            <line number="35" hits="26" branch="true" condition-coverage="100% (2/2)"/>
            <line number="36" hits="6" branch="false"/>
            <line number="38" hits="20" branch="true" condition-coverage="100% (2/2)"/>
            <line number="39" hits="6" branch="true" condition-coverage="50% (1/2)"/>
            <line number="40" hits="6" branch="false"/>
            <line number="45" hits="6" branch="false"/>
            <line number="47" hits="14" branch="true" condition-coverage="100% (2/2)"/>
            <line number="48" hits="2" branch="false"/>
            <line number="49" hits="2" branch="false"/>
            <line number="51" hits="12" branch="true" condition-coverage="100% (2/2)"/>
            <line number="52" hits="8" branch="true" condition-coverage="100% (2/2)"/>
            <line number="54" hits="12" branch="true" condition-coverage="100% (2/2)"/>
            <line number="55" hits="12" branch="true" condition-coverage="66.66666666666666% (2/3)"/>
            <line number="56" hits="12" branch="true" condition-coverage="100% (2/2)"/>
            <line number="57" hits="6" branch="false"/>
            <line number="60" hits="6" branch="true" condition-coverage="100% (2/2)"/>
            <line number="61" hits="4" branch="false"/>
            <line number="62" hits="2" branch="true" condition-coverage="50% (1/2)"/>
            <line number="63" hits="2" branch="false"/>
            <line number="66" hits="0" branch="true" condition-coverage="0% (0/2)"/>
            <line number="67" hits="0" branch="false"/>
            <line number="74" hits="2" branch="false"/>
            <line number="76" hits="2" branch="false"/>
            <line number="78" hits="12" branch="false"/>
            <line number="81" hits="2" branch="false"/>
            <line number="83" hits="12" branch="false"/>
            <line number="87" hits="2" branch="false"/>
            <line number="88" hits="2" branch="false"/>
            <line number="98" hits="2" branch="false"/>
            <line number="100" hits="2" branch="false"/>
            <line number="101" hits="2" branch="true" condition-coverage="50% (1/2)"/>
            <line number="102" hits="2" branch="true" condition-coverage="50% (1/2)"/>
            <line number="103" hits="2" branch="false"/>
            <line number="105" hits="0" branch="false"/>
            <line number="106" hits="0" branch="true" condition-coverage="0% (0/2)"/>
            <line number="107" hits="0" branch="false"/>
            <line number="109" hits="0" branch="false"/>
          </lines>
        </class>
        <class name="index.ts" filename="src/builtin-simulator/index.ts" line-rate="0" branch-rate="0">
          <methods>
          </methods>
          <lines>
          </lines>
        </class>
        <class name="renderer.ts" filename="src/builtin-simulator/renderer.ts" line-rate="1" branch-rate="1">
          <methods>
            <method name="isSimulatorRenderer" hits="9" signature="()V">
              <lines>
                <line number="18" hits="9"/>
              </lines>
            </method>
          </methods>
          <lines>
            <line number="19" hits="9" branch="true" condition-coverage="100% (2/2)"/>
          </lines>
        </class>
        <class name="resource-consumer.ts" filename="src/builtin-simulator/resource-consumer.ts" line-rate="0.9666" branch-rate="0.8125">
          <methods>
            <method name="(anonymous_0)" hits="50" signature="()V">
              <lines>
                <line number="31" hits="50"/>
              </lines>
            </method>
            <method name="(anonymous_1)" hits="51" signature="()V">
              <lines>
                <line number="32" hits="51"/>
              </lines>
            </method>
            <method name="(anonymous_2)" hits="10" signature="()V">
              <lines>
                <line number="37" hits="10"/>
              </lines>
            </method>
            <method name="(anonymous_3)" hits="1" signature="()V">
              <lines>
                <line number="49" hits="1"/>
              </lines>
            </method>
            <method name="(anonymous_4)" hits="7" signature="()V">
              <lines>
                <line number="53" hits="7"/>
              </lines>
            </method>
            <method name="(anonymous_5)" hits="1" signature="()V">
              <lines>
                <line number="67" hits="1"/>
              </lines>
            </method>
            <method name="(anonymous_6)" hits="7" signature="()V">
              <lines>
                <line number="81" hits="7"/>
              </lines>
            </method>
            <method name="(anonymous_7)" hits="1" signature="()V">
              <lines>
                <line number="85" hits="1"/>
              </lines>
            </method>
          </methods>
          <lines>
            <line number="6" hits="31" branch="false"/>
            <line number="23" hits="50" branch="false"/>
            <line number="25" hits="50" branch="false"/>
            <line number="32" hits="50" branch="false"/>
            <line number="33" hits="51" branch="false"/>
            <line number="38" hits="10" branch="true" condition-coverage="100% (2/2)"/>
            <line number="39" hits="2" branch="false"/>
            <line number="42" hits="8" branch="true" condition-coverage="100% (2/2)"/>
            <line number="43" hits="2" branch="true" condition-coverage="100% (2/2)"/>
            <line number="45" hits="1" branch="false"/>
            <line number="47" hits="1" branch="false"/>
            <line number="49" hits="1" branch="false"/>
            <line number="51" hits="6" branch="false"/>
            <line number="53" hits="7" branch="false"/>
            <line number="54" hits="7" branch="true" condition-coverage="50% (1/2)"/>
            <line number="55" hits="0" branch="false"/>
            <line number="57" hits="7" branch="false"/>
            <line number="59" hits="7" branch="true" condition-coverage="100% (2/2)"/>
            <line number="60" hits="1" branch="false"/>
            <line number="62" hits="6" branch="false"/>
            <line number="68" hits="1" branch="true" condition-coverage="50% (1/2)"/>
            <line number="69" hits="1" branch="false"/>
            <line number="71" hits="1" branch="true" condition-coverage="50% (1/2)"/>
            <line number="72" hits="1" branch="false"/>
            <line number="74" hits="1" branch="false"/>
            <line number="77" hits="50" branch="false"/>
            <line number="82" hits="7" branch="true" condition-coverage="100% (2/2)"/>
            <line number="83" hits="6" branch="false"/>
            <line number="85" hits="1" branch="false"/>
            <line number="86" hits="1" branch="false"/>
          </lines>
        </class>
        <class name="viewport.ts" filename="src/builtin-simulator/viewport.ts" line-rate="0.9856999999999999" branch-rate="0.8461">
          <methods>
            <method name="(anonymous_0)" hits="29" signature="()V">
              <lines>
                <line number="10" hits="29"/>
              </lines>
            </method>
            <method name="(anonymous_1)" hits="5" signature="()V">
              <lines>
                <line number="15" hits="5"/>
              </lines>
            </method>
            <method name="(anonymous_2)" hits="1" signature="()V">
              <lines>
                <line number="21" hits="1"/>
              </lines>
            </method>
            <method name="(anonymous_3)" hits="27" signature="()V">
              <lines>
                <line number="28" hits="27"/>
              </lines>
            </method>
            <method name="(anonymous_4)" hits="10" signature="()V">
              <lines>
                <line number="32" hits="10"/>
              </lines>
            </method>
            <method name="(anonymous_5)" hits="14" signature="()V">
              <lines>
                <line number="40" hits="14"/>
              </lines>
            </method>
            <method name="(anonymous_6)" hits="5" signature="()V">
              <lines>
                <line number="46" hits="5"/>
              </lines>
            </method>
            <method name="(anonymous_7)" hits="2" signature="()V">
              <lines>
                <line number="53" hits="2"/>
              </lines>
            </method>
            <method name="(anonymous_8)" hits="5" signature="()V">
              <lines>
                <line number="61" hits="5"/>
              </lines>
            </method>
            <method name="(anonymous_9)" hits="2" signature="()V">
              <lines>
                <line number="68" hits="2"/>
              </lines>
            </method>
            <method name="(anonymous_10)" hits="20" signature="()V">
              <lines>
                <line number="81" hits="20"/>
              </lines>
            </method>
            <method name="(anonymous_11)" hits="4" signature="()V">
              <lines>
                <line number="85" hits="4"/>
              </lines>
            </method>
            <method name="(anonymous_12)" hits="5" signature="()V">
              <lines>
                <line number="99" hits="5"/>
              </lines>
            </method>
            <method name="(anonymous_13)" hits="1" signature="()V">
              <lines>
                <line number="103" hits="1"/>
              </lines>
            </method>
            <method name="(anonymous_14)" hits="5" signature="()V">
              <lines>
                <line number="107" hits="5"/>
              </lines>
            </method>
            <method name="(anonymous_15)" hits="1" signature="()V">
              <lines>
                <line number="111" hits="1"/>
              </lines>
            </method>
            <method name="(anonymous_16)" hits="2" signature="()V">
              <lines>
                <line number="119" hits="2"/>
              </lines>
            </method>
            <method name="(anonymous_17)" hits="2" signature="()V">
              <lines>
                <line number="123" hits="2"/>
              </lines>
            </method>
            <method name="(anonymous_18)" hits="3" signature="()V">
              <lines>
                <line number="132" hits="3"/>
              </lines>
            </method>
            <method name="(anonymous_19)" hits="2" signature="()V">
              <lines>
                <line number="138" hits="2"/>
              </lines>
            </method>
            <method name="(anonymous_20)" hits="3" signature="()V">
              <lines>
                <line number="142" hits="3"/>
              </lines>
            </method>
            <method name="(anonymous_21)" hits="1" signature="()V">
              <lines>
                <line number="148" hits="1"/>
              </lines>
            </method>
            <method name="(anonymous_22)" hits="1" signature="()V">
              <lines>
                <line number="155" hits="1"/>
              </lines>
            </method>
            <method name="(anonymous_23)" hits="1" signature="()V">
              <lines>
                <line number="159" hits="1"/>
              </lines>
            </method>
            <method name="(anonymous_24)" hits="3" signature="()V">
              <lines>
                <line number="163" hits="3"/>
              </lines>
            </method>
            <method name="(anonymous_25)" hits="3" signature="()V">
              <lines>
                <line number="175" hits="3"/>
              </lines>
            </method>
          </methods>
          <lines>
            <line number="11" hits="29" branch="true" condition-coverage="100% (2/2)"/>
            <line number="12" hits="17" branch="false"/>
            <line number="14" hits="12" branch="false"/>
            <line number="15" hits="12" branch="false"/>
            <line number="16" hits="5" branch="false"/>
            <line number="18" hits="12" branch="false"/>
            <line number="22" hits="1" branch="false"/>
            <line number="23" hits="1" branch="false"/>
            <line number="29" hits="27" branch="false"/>
            <line number="33" hits="10" branch="true" condition-coverage="100% (4/4)"/>
            <line number="34" hits="1" branch="false"/>
            <line number="36" hits="9" branch="false"/>
            <line number="37" hits="9" branch="false"/>
            <line number="41" hits="14" branch="true" condition-coverage="50% (1/2)"/>
            <line number="42" hits="14" branch="false"/>
            <line number="47" hits="5" branch="true" condition-coverage="100% (2/2)"/>
            <line number="48" hits="1" branch="false"/>
            <line number="50" hits="4" branch="false"/>
            <line number="54" hits="2" branch="false"/>
            <line number="55" hits="2" branch="true" condition-coverage="50% (1/2)"/>
            <line number="56" hits="2" branch="false"/>
            <line number="57" hits="2" branch="false"/>
            <line number="62" hits="5" branch="true" condition-coverage="100% (2/2)"/>
            <line number="63" hits="1" branch="false"/>
            <line number="65" hits="4" branch="false"/>
            <line number="69" hits="2" branch="false"/>
            <line number="70" hits="2" branch="true" condition-coverage="50% (1/2)"/>
            <line number="71" hits="2" branch="false"/>
            <line number="72" hits="2" branch="false"/>
            <line number="76" hits="27" branch="false"/>
            <line number="82" hits="20" branch="false"/>
            <line number="86" hits="4" branch="true" condition-coverage="100% (4/4)"/>
            <line number="87" hits="2" branch="false"/>
            <line number="90" hits="2" branch="false"/>
            <line number="91" hits="2" branch="false"/>
            <line number="92" hits="2" branch="false"/>
            <line number="95" hits="27" branch="false"/>
            <line number="97" hits="27" branch="false"/>
            <line number="100" hits="5" branch="false"/>
            <line number="104" hits="1" branch="false"/>
            <line number="108" hits="5" branch="false"/>
            <line number="112" hits="1" branch="false"/>
            <line number="115" hits="27" branch="false"/>
            <line number="117" hits="27" branch="false"/>
            <line number="120" hits="2" branch="false"/>
            <line number="124" hits="2" branch="false"/>
            <line number="133" hits="3" branch="false"/>
            <line number="136" hits="27" branch="false"/>
            <line number="139" hits="2" branch="false"/>
            <line number="143" hits="3" branch="false"/>
            <line number="144" hits="3" branch="false"/>
            <line number="145" hits="3" branch="false"/>
            <line number="148" hits="3" branch="false"/>
            <line number="149" hits="1" branch="false"/>
            <line number="150" hits="1" branch="false"/>
            <line number="151" hits="1" branch="false"/>
            <line number="152" hits="1" branch="true" condition-coverage="50% (1/2)"/>
            <line number="153" hits="0" branch="false"/>
            <line number="155" hits="1" branch="false"/>
            <line number="156" hits="1" branch="false"/>
            <line number="159" hits="3" branch="false"/>
            <line number="160" hits="3" branch="false"/>
            <line number="164" hits="3" branch="true" condition-coverage="100% (2/2)"/>
            <line number="165" hits="1" branch="false"/>
            <line number="168" hits="2" branch="false"/>
            <line number="169" hits="2" branch="false"/>
            <line number="176" hits="3" branch="true" condition-coverage="100% (2/2)"/>
            <line number="177" hits="1" branch="false"/>
            <line number="180" hits="2" branch="false"/>
            <line number="181" hits="2" branch="false"/>
          </lines>
        </class>
      </classes>
    </package>
    <package name="src.builtin-simulator.bem-tools" line-rate="1" branch-rate="1">
      <classes>
        <class name="drag-resize-engine.ts" filename="src/builtin-simulator/bem-tools/drag-resize-engine.ts" line-rate="1" branch-rate="1">
          <methods>
            <method name="(anonymous_0)" hits="2" signature="()V">
              <lines>
                <line number="15" hits="2"/>
              </lines>
            </method>
            <method name="(anonymous_1)" hits="2" signature="()V">
              <lines>
                <line number="20" hits="2"/>
              </lines>
            </method>
            <method name="(anonymous_2)" hits="3" signature="()V">
              <lines>
                <line number="30" hits="3"/>
              </lines>
            </method>
            <method name="(anonymous_3)" hits="1" signature="()V">
              <lines>
                <line number="35" hits="1"/>
              </lines>
            </method>
            <method name="(anonymous_4)" hits="2" signature="()V">
              <lines>
                <line number="38" hits="2"/>
              </lines>
            </method>
            <method name="(anonymous_5)" hits="1" signature="()V">
              <lines>
                <line number="62" hits="1"/>
              </lines>
            </method>
            <method name="(anonymous_6)" hits="1" signature="()V">
              <lines>
                <line number="64" hits="1"/>
              </lines>
            </method>
            <method name="(anonymous_7)" hits="2" signature="()V">
              <lines>
                <line number="76" hits="2"/>
              </lines>
            </method>
            <method name="(anonymous_8)" hits="2" signature="()V">
              <lines>
                <line number="80" hits="2"/>
              </lines>
            </method>
            <method name="(anonymous_9)" hits="1" signature="()V">
              <lines>
                <line number="91" hits="1"/>
              </lines>
            </method>
            <method name="(anonymous_10)" hits="1" signature="()V">
              <lines>
                <line number="96" hits="1"/>
              </lines>
            </method>
            <method name="(anonymous_11)" hits="1" signature="()V">
              <lines>
                <line number="98" hits="1"/>
              </lines>
            </method>
            <method name="(anonymous_12)" hits="1" signature="()V">
              <lines>
                <line number="103" hits="1"/>
              </lines>
            </method>
            <method name="(anonymous_13)" hits="1" signature="()V">
              <lines>
                <line number="107" hits="1"/>
              </lines>
            </method>
            <method name="(anonymous_14)" hits="1" signature="()V">
              <lines>
                <line number="112" hits="1"/>
              </lines>
            </method>
            <method name="(anonymous_15)" hits="1" signature="()V">
              <lines>
                <line number="114" hits="1"/>
              </lines>
            </method>
            <method name="(anonymous_16)" hits="2" signature="()V">
              <lines>
                <line number="119" hits="2"/>
              </lines>
            </method>
            <method name="(anonymous_17)" hits="2" signature="()V">
              <lines>
                <line number="121" hits="2"/>
              </lines>
            </method>
          </methods>
          <lines>
            <line number="11" hits="2" branch="false"/>
            <line number="16" hits="2" branch="false"/>
            <line number="17" hits="2" branch="false"/>
            <line number="21" hits="2" branch="false"/>
            <line number="34" hits="3" branch="true" condition-coverage="100% (2/2)"/>
            <line number="35" hits="1" branch="false"/>
            <line number="38" hits="2" branch="false"/>
            <line number="39" hits="2" branch="false"/>
            <line number="40" hits="2" branch="false"/>
            <line number="41" hits="2" branch="false"/>
            <line number="43" hits="2" branch="false"/>
            <line number="46" hits="2" branch="false"/>
            <line number="62" hits="2" branch="false"/>
            <line number="63" hits="1" branch="false"/>
            <line number="64" hits="1" branch="false"/>
            <line number="65" hits="1" branch="false"/>
            <line number="66" hits="1" branch="false"/>
            <line number="69" hits="1" branch="false"/>
            <line number="70" hits="1" branch="false"/>
            <line number="71" hits="1" branch="false"/>
            <line number="73" hits="1" branch="false"/>
            <line number="76" hits="2" branch="false"/>
            <line number="77" hits="2" branch="false"/>
            <line number="78" hits="2" branch="false"/>
            <line number="79" hits="2" branch="false"/>
            <line number="80" hits="2" branch="false"/>
            <line number="81" hits="2" branch="false"/>
            <line number="82" hits="2" branch="false"/>
            <line number="85" hits="2" branch="false"/>
            <line number="86" hits="2" branch="false"/>
            <line number="87" hits="2" branch="false"/>
            <line number="88" hits="2" branch="false"/>
            <line number="90" hits="2" branch="false"/>
            <line number="91" hits="2" branch="false"/>
            <line number="92" hits="1" branch="false"/>
            <line number="97" hits="1" branch="false"/>
            <line number="98" hits="1" branch="false"/>
            <line number="99" hits="1" branch="false"/>
            <line number="106" hits="1" branch="false"/>
            <line number="107" hits="1" branch="false"/>
            <line number="108" hits="1" branch="false"/>
            <line number="113" hits="1" branch="false"/>
            <line number="114" hits="1" branch="false"/>
            <line number="115" hits="1" branch="false"/>
            <line number="120" hits="2" branch="false"/>
            <line number="122" hits="2" branch="true" condition-coverage="100% (4/4)"/>
            <line number="123" hits="1" branch="false"/>
            <line number="125" hits="1" branch="false"/>
          </lines>
        </class>
        <class name="manager.ts" filename="src/builtin-simulator/bem-tools/manager.ts" line-rate="1" branch-rate="1">
          <methods>
            <method name="(anonymous_0)" hits="190" signature="()V">
              <lines>
                <line number="16" hits="190"/>
              </lines>
            </method>
            <method name="(anonymous_1)" hits="2" signature="()V">
              <lines>
                <line number="20" hits="2"/>
              </lines>
            </method>
            <method name="(anonymous_2)" hits="1" signature="()V">
              <lines>
                <line number="21" hits="1"/>
              </lines>
            </method>
            <method name="(anonymous_3)" hits="2" signature="()V">
              <lines>
                <line number="27" hits="2"/>
              </lines>
            </method>
            <method name="(anonymous_4)" hits="2" signature="()V">
              <lines>
                <line number="28" hits="2"/>
              </lines>
            </method>
            <method name="(anonymous_5)" hits="4" signature="()V">
              <lines>
                <line number="34" hits="4"/>
              </lines>
            </method>
          </methods>
          <lines>
            <line number="14" hits="190" branch="false"/>
            <line number="17" hits="190" branch="false"/>
            <line number="21" hits="2" branch="false"/>
            <line number="22" hits="2" branch="false"/>
            <line number="24" hits="1" branch="false"/>
            <line number="28" hits="2" branch="false"/>
            <line number="29" hits="2" branch="true" condition-coverage="100% (2/2)"/>
            <line number="30" hits="1" branch="false"/>
            <line number="35" hits="4" branch="false"/>
          </lines>
        </class>
      </classes>
    </package>
    <package name="src.designer" line-rate="0.9433" branch-rate="0.8663">
      <classes>
        <class name="active-tracker.ts" filename="src/designer/active-tracker.ts" line-rate="1" branch-rate="1">
          <methods>
            <method name="(anonymous_0)" hits="10" signature="()V">
              <lines>
                <line number="18" hits="10"/>
              </lines>
            </method>
            <method name="(anonymous_1)" hits="2" signature="()V">
              <lines>
                <line number="26" hits="2"/>
              </lines>
            </method>
            <method name="(anonymous_2)" hits="1" signature="()V">
              <lines>
                <line number="30" hits="1"/>
              </lines>
            </method>
            <method name="(anonymous_3)" hits="1" signature="()V">
              <lines>
                <line number="42" hits="1"/>
              </lines>
            </method>
            <method name="(anonymous_4)" hits="191" signature="()V">
              <lines>
                <line number="46" hits="191"/>
              </lines>
            </method>
            <method name="(anonymous_5)" hits="2" signature="()V">
              <lines>
                <line number="48" hits="2"/>
              </lines>
            </method>
          </methods>
          <lines>
            <line number="14" hits="191" branch="false"/>
            <line number="19" hits="10" branch="true" condition-coverage="100% (2/2)"/>
            <line number="20" hits="5" branch="false"/>
            <line number="22" hits="10" branch="false"/>
            <line number="23" hits="10" branch="false"/>
            <line number="27" hits="2" branch="false"/>
            <line number="31" hits="1" branch="false"/>
            <line number="43" hits="1" branch="false"/>
            <line number="47" hits="191" branch="false"/>
            <line number="48" hits="191" branch="false"/>
            <line number="49" hits="2" branch="false"/>
          </lines>
        </class>
        <class name="builtin-hotkey.ts" filename="src/designer/builtin-hotkey.ts" line-rate="0.9041" branch-rate="0.8854000000000001">
          <methods>
            <method name="isInLiveEditing" hits="74" signature="()V">
              <lines>
                <line number="7" hits="74"/>
              </lines>
            </method>
            <method name="(anonymous_1)" hits="5" signature="()V">
              <lines>
                <line number="78" hits="5"/>
              </lines>
            </method>
            <method name="(anonymous_2)" hits="1" signature="()V">
              <lines>
                <line number="90" hits="1"/>
              </lines>
            </method>
            <method name="(anonymous_3)" hits="6" signature="()V">
              <lines>
                <line number="98" hits="6"/>
              </lines>
            </method>
            <method name="(anonymous_4)" hits="6" signature="()V">
              <lines>
                <line number="112" hits="6"/>
              </lines>
            </method>
            <method name="(anonymous_5)" hits="2" signature="()V">
              <lines>
                <line number="121" hits="2"/>
              </lines>
            </method>
            <method name="(anonymous_6)" hits="2" signature="()V">
              <lines>
                <line number="129" hits="2"/>
              </lines>
            </method>
            <method name="(anonymous_7)" hits="0" signature="()V">
              <lines>
                <line number="139" hits="0"/>
              </lines>
            </method>
            <method name="(anonymous_8)" hits="5" signature="()V">
              <lines>
                <line number="148" hits="5"/>
              </lines>
            </method>
            <method name="(anonymous_9)" hits="6" signature="()V">
              <lines>
                <line number="176" hits="6"/>
              </lines>
            </method>
            <method name="(anonymous_10)" hits="5" signature="()V">
              <lines>
                <line number="191" hits="5"/>
              </lines>
            </method>
            <method name="(anonymous_11)" hits="10" signature="()V">
              <lines>
                <line number="205" hits="10"/>
              </lines>
            </method>
            <method name="(anonymous_12)" hits="10" signature="()V">
              <lines>
                <line number="222" hits="10"/>
              </lines>
            </method>
            <method name="(anonymous_13)" hits="10" signature="()V">
              <lines>
                <line number="245" hits="10"/>
              </lines>
            </method>
            <method name="(anonymous_14)" hits="5" signature="()V">
              <lines>
                <line number="277" hits="5"/>
              </lines>
            </method>
            <method name="(anonymous_15)" hits="5" signature="()V">
              <lines>
                <line number="316" hits="5"/>
              </lines>
            </method>
          </methods>
          <lines>
            <line number="8" hits="74" branch="true" condition-coverage="100% (2/2)"/>
            <line number="9" hits="73" branch="false"/>
            <line number="78" hits="30" branch="false"/>
            <line number="79" hits="5" branch="true" condition-coverage="100% (2/2)"/>
            <line number="81" hits="4" branch="false"/>
            <line number="82" hits="4" branch="true" condition-coverage="100% (4/4)"/>
            <line number="83" hits="2" branch="false"/>
            <line number="85" hits="2" branch="false"/>
            <line number="87" hits="2" branch="false"/>
            <line number="88" hits="2" branch="false"/>
            <line number="90" hits="2" branch="false"/>
            <line number="91" hits="1" branch="true" condition-coverage="50% (1/2)"/>
            <line number="92" hits="1" branch="false"/>
            <line number="95" hits="2" branch="false"/>
            <line number="98" hits="30" branch="false"/>
            <line number="100" hits="6" branch="true" condition-coverage="100% (2/2)"/>
            <line number="101" hits="5" branch="false"/>
            <line number="102" hits="5" branch="true" condition-coverage="100% (4/4)"/>
            <line number="103" hits="2" branch="false"/>
            <line number="105" hits="3" branch="false"/>
            <line number="107" hits="3" branch="false"/>
            <line number="112" hits="30" branch="false"/>
            <line number="113" hits="6" branch="true" condition-coverage="100% (2/2)"/>
            <line number="114" hits="5" branch="false"/>
            <line number="115" hits="5" branch="true" condition-coverage="100% (4/4)"/>
            <line number="116" hits="2" branch="false"/>
            <line number="118" hits="3" branch="false"/>
            <line number="120" hits="3" branch="false"/>
            <line number="121" hits="3" branch="false"/>
            <line number="122" hits="2" branch="false"/>
            <line number="124" hits="3" branch="true" condition-coverage="100% (4/4)"/>
            <line number="125" hits="1" branch="false"/>
            <line number="128" hits="2" branch="false"/>
            <line number="129" hits="2" branch="false"/>
            <line number="133" hits="2" branch="false"/>
            <line number="135" hits="2" branch="false"/>
            <line number="137" hits="2" branch="true" condition-coverage="100% (2/2)"/>
            <line number="138" hits="2" branch="true" condition-coverage="50% (1/2)"/>
            <line number="139" hits="0" branch="false"/>
            <line number="140" hits="0" branch="false"/>
            <line number="141" hits="0" branch="false"/>
            <line number="142" hits="0" branch="false"/>
            <line number="148" hits="30" branch="false"/>
            <line number="149" hits="5" branch="true" condition-coverage="100% (2/2)"/>
            <line number="150" hits="4" branch="false"/>
            <line number="151" hits="4" branch="false"/>
            <line number="152" hits="4" branch="true" condition-coverage="100% (5/5)"/>
            <line number="153" hits="2" branch="false"/>
            <line number="176" hits="30" branch="false"/>
            <line number="177" hits="6" branch="true" condition-coverage="100% (2/2)"/>
            <line number="178" hits="5" branch="false"/>
            <line number="179" hits="5" branch="true" condition-coverage="100% (4/4)"/>
            <line number="180" hits="2" branch="false"/>
            <line number="183" hits="3" branch="false"/>
            <line number="184" hits="3" branch="false"/>
            <line number="185" hits="3" branch="false"/>
            <line number="186" hits="3" branch="false"/>
            <line number="187" hits="3" branch="false"/>
            <line number="191" hits="30" branch="false"/>
            <line number="192" hits="5" branch="true" condition-coverage="100% (2/2)"/>
            <line number="193" hits="4" branch="false"/>
            <line number="194" hits="4" branch="true" condition-coverage="100% (4/4)"/>
            <line number="195" hits="2" branch="false"/>
            <line number="197" hits="2" branch="false"/>
            <line number="198" hits="2" branch="false"/>
            <line number="199" hits="2" branch="false"/>
            <line number="200" hits="2" branch="false"/>
            <line number="201" hits="2" branch="false"/>
            <line number="205" hits="30" branch="false"/>
            <line number="206" hits="10" branch="true" condition-coverage="100% (2/2)"/>
            <line number="207" hits="8" branch="false"/>
            <line number="208" hits="8" branch="false"/>
            <line number="209" hits="8" branch="true" condition-coverage="100% (4/4)"/>
            <line number="210" hits="4" branch="false"/>
            <line number="212" hits="4" branch="false"/>
            <line number="213" hits="4" branch="false"/>
            <line number="214" hits="4" branch="true" condition-coverage="100% (4/4)"/>
            <line number="215" hits="2" branch="false"/>
            <line number="217" hits="2" branch="false"/>
            <line number="218" hits="2" branch="true" condition-coverage="100% (2/2)"/>
            <line number="219" hits="2" branch="false"/>
            <line number="222" hits="30" branch="false"/>
            <line number="223" hits="10" branch="true" condition-coverage="100% (2/2)"/>
            <line number="224" hits="8" branch="false"/>
            <line number="225" hits="8" branch="false"/>
            <line number="226" hits="8" branch="true" condition-coverage="100% (4/4)"/>
            <line number="227" hits="4" branch="false"/>
            <line number="229" hits="4" branch="false"/>
            <line number="230" hits="4" branch="false"/>
            <line number="231" hits="4" branch="true" condition-coverage="100% (4/4)"/>
            <line number="232" hits="2" branch="false"/>
            <line number="234" hits="2" branch="false"/>
            <line number="236" hits="2" branch="true" condition-coverage="100% (2/2)"/>
            <line number="237" hits="1" branch="false"/>
            <line number="238" hits="1" branch="false"/>
            <line number="239" hits="1" branch="true" condition-coverage="50% (1/2)"/>
            <line number="240" hits="1" branch="false"/>
            <line number="241" hits="1" branch="false"/>
            <line number="245" hits="30" branch="false"/>
            <line number="246" hits="10" branch="true" condition-coverage="100% (2/2)"/>
            <line number="247" hits="8" branch="false"/>
            <line number="248" hits="8" branch="false"/>
            <line number="249" hits="8" branch="true" condition-coverage="100% (4/4)"/>
            <line number="250" hits="4" branch="false"/>
            <line number="252" hits="4" branch="false"/>
            <line number="253" hits="4" branch="false"/>
            <line number="254" hits="4" branch="true" condition-coverage="100% (4/4)"/>
            <line number="255" hits="2" branch="false"/>
            <line number="260" hits="2" branch="false"/>
            <line number="261" hits="2" branch="false"/>
            <line number="262" hits="2" branch="true" condition-coverage="50% (1/2)"/>
            <line number="264" hits="2" branch="true" condition-coverage="100% (2/2)"/>
            <line number="266" hits="2" branch="true" condition-coverage="100% (2/2)"/>
            <line number="267" hits="2" branch="true" condition-coverage="50% (1/2)"/>
            <line number="268" hits="2" branch="true" condition-coverage="100% (2/2)"/>
            <line number="269" hits="1" branch="false"/>
            <line number="271" hits="1" branch="false"/>
            <line number="273" hits="2" branch="false"/>
            <line number="277" hits="30" branch="false"/>
            <line number="278" hits="5" branch="true" condition-coverage="100% (2/2)"/>
            <line number="279" hits="4" branch="false"/>
            <line number="280" hits="4" branch="false"/>
            <line number="281" hits="4" branch="true" condition-coverage="100% (4/4)"/>
            <line number="282" hits="2" branch="false"/>
            <line number="284" hits="2" branch="false"/>
            <line number="285" hits="2" branch="false"/>
            <line number="286" hits="2" branch="true" condition-coverage="100% (4/4)"/>
            <line number="287" hits="1" branch="false"/>
            <line number="292" hits="1" branch="false"/>
            <line number="293" hits="1" branch="false"/>
            <line number="294" hits="1" branch="true" condition-coverage="50% (1/2)"/>
            <line number="295" hits="0" branch="false"/>
            <line number="298" hits="1" branch="false"/>
            <line number="299" hits="1" branch="true" condition-coverage="50% (1/2)"/>
            <line number="300" hits="1" branch="true" condition-coverage="50% (1/2)"/>
            <line number="301" hits="0" branch="false"/>
            <line number="302" hits="0" branch="false"/>
            <line number="304" hits="1" branch="false"/>
            <line number="306" hits="1" branch="false"/>
            <line number="308" hits="0" branch="false"/>
            <line number="309" hits="0" branch="true" condition-coverage="0% (0/2)"/>
            <line number="310" hits="0" branch="false"/>
            <line number="311" hits="0" branch="false"/>
            <line number="316" hits="30" branch="false"/>
            <line number="317" hits="5" branch="true" condition-coverage="100% (2/2)"/>
            <line number="318" hits="4" branch="false"/>
            <line number="319" hits="4" branch="false"/>
            <line number="320" hits="4" branch="true" condition-coverage="100% (4/4)"/>
            <line number="321" hits="2" branch="false"/>
            <line number="323" hits="2" branch="false"/>
            <line number="324" hits="2" branch="false"/>
            <line number="325" hits="2" branch="true" condition-coverage="100% (4/4)"/>
            <line number="326" hits="1" branch="false"/>
            <line number="331" hits="1" branch="false"/>
            <line number="332" hits="1" branch="false"/>
            <line number="333" hits="1" branch="true" condition-coverage="50% (1/2)"/>
            <line number="334" hits="0" branch="false"/>
            <line number="337" hits="1" branch="false"/>
            <line number="338" hits="1" branch="true" condition-coverage="50% (1/2)"/>
            <line number="339" hits="0" branch="true" condition-coverage="0% (0/2)"/>
            <line number="341" hits="0" branch="false"/>
            <line number="344" hits="0" branch="false"/>
            <line number="346" hits="0" branch="false"/>
            <line number="348" hits="1" branch="false"/>
            <line number="349" hits="1" branch="true" condition-coverage="50% (1/2)"/>
            <line number="350" hits="1" branch="false"/>
            <line number="351" hits="1" branch="false"/>
          </lines>
        </class>
        <class name="designer.ts" filename="src/designer/designer.ts" line-rate="0.9521" branch-rate="0.8201">
          <methods>
            <method name="(anonymous_0)" hits="1112" signature="()V">
              <lines>
                <line number="61" hits="1112"/>
              </lines>
            </method>
            <method name="(anonymous_1)" hits="581" signature="()V">
              <lines>
                <line number="65" hits="581"/>
              </lines>
            </method>
            <method name="(anonymous_2)" hits="374" signature="()V">
              <lines>
                <line number="69" hits="374"/>
              </lines>
            </method>
            <method name="(anonymous_3)" hits="189" signature="()V">
              <lines>
                <line number="73" hits="189"/>
              </lines>
            </method>
            <method name="(anonymous_4)" hits="2" signature="()V">
              <lines>
                <line number="83" hits="2"/>
              </lines>
            </method>
            <method name="(anonymous_5)" hits="2" signature="()V">
              <lines>
                <line number="91" hits="2"/>
              </lines>
            </method>
            <method name="(anonymous_6)" hits="4" signature="()V">
              <lines>
                <line number="111" hits="4"/>
              </lines>
            </method>
            <method name="(anonymous_7)" hits="2" signature="()V">
              <lines>
                <line number="118" hits="2"/>
              </lines>
            </method>
            <method name="(anonymous_8)" hits="1" signature="()V">
              <lines>
                <line number="129" hits="1"/>
              </lines>
            </method>
            <method name="(anonymous_9)" hits="2" signature="()V">
              <lines>
                <line number="136" hits="2"/>
              </lines>
            </method>
            <method name="(anonymous_10)" hits="2" signature="()V">
              <lines>
                <line number="137" hits="2"/>
              </lines>
            </method>
            <method name="(anonymous_11)" hits="4" signature="()V">
              <lines>
                <line number="142" hits="4"/>
              </lines>
            </method>
            <method name="(anonymous_12)" hits="6" signature="()V">
              <lines>
                <line number="176" hits="6"/>
              </lines>
            </method>
            <method name="(anonymous_13)" hits="238" signature="()V">
              <lines>
                <line number="181" hits="238"/>
              </lines>
            </method>
            <method name="(anonymous_14)" hits="5" signature="()V">
              <lines>
                <line number="189" hits="5"/>
              </lines>
            </method>
            <method name="(anonymous_15)" hits="49" signature="()V">
              <lines>
                <line number="194" hits="49"/>
              </lines>
            </method>
            <method name="(anonymous_16)" hits="239" signature="()V">
              <lines>
                <line number="209" hits="239"/>
              </lines>
            </method>
            <method name="(anonymous_17)" hits="26" signature="()V">
              <lines>
                <line number="229" hits="26"/>
              </lines>
            </method>
            <method name="(anonymous_18)" hits="985" signature="()V">
              <lines>
                <line number="235" hits="985"/>
              </lines>
            </method>
            <method name="(anonymous_19)" hits="3" signature="()V">
              <lines>
                <line number="241" hits="3"/>
              </lines>
            </method>
            <method name="(anonymous_20)" hits="4" signature="()V">
              <lines>
                <line number="248" hits="4"/>
              </lines>
            </method>
            <method name="(anonymous_21)" hits="22" signature="()V">
              <lines>
                <line number="263" hits="22"/>
              </lines>
            </method>
            <method name="(anonymous_22)" hits="23" signature="()V">
              <lines>
                <line number="271" hits="23"/>
              </lines>
            </method>
            <method name="(anonymous_23)" hits="3" signature="()V">
              <lines>
                <line number="277" hits="3"/>
              </lines>
            </method>
            <method name="(anonymous_24)" hits="5" signature="()V">
              <lines>
                <line number="286" hits="5"/>
              </lines>
            </method>
            <method name="(anonymous_25)" hits="1" signature="()V">
              <lines>
                <line number="297" hits="1"/>
              </lines>
            </method>
            <method name="(anonymous_26)" hits="1" signature="()V">
              <lines>
                <line number="299" hits="1"/>
              </lines>
            </method>
            <method name="(anonymous_27)" hits="198" signature="()V">
              <lines>
                <line number="302" hits="198"/>
              </lines>
            </method>
            <method name="(anonymous_28)" hits="4" signature="()V">
              <lines>
                <line number="309" hits="4"/>
              </lines>
            </method>
            <method name="(anonymous_29)" hits="2" signature="()V">
              <lines>
                <line number="327" hits="2"/>
              </lines>
            </method>
            <method name="(anonymous_30)" hits="191" signature="()V">
              <lines>
                <line number="349" hits="191"/>
              </lines>
            </method>
            <method name="(anonymous_31)" hits="2" signature="()V">
              <lines>
                <line number="395" hits="2"/>
              </lines>
            </method>
            <method name="(anonymous_32)" hits="3" signature="()V">
              <lines>
                <line number="418" hits="3"/>
              </lines>
            </method>
            <method name="(anonymous_33)" hits="3" signature="()V">
              <lines>
                <line number="422" hits="3"/>
              </lines>
            </method>
            <method name="(anonymous_34)" hits="3" signature="()V">
              <lines>
                <line number="428" hits="3"/>
              </lines>
            </method>
            <method name="(anonymous_35)" hits="52" signature="()V">
              <lines>
                <line number="434" hits="52"/>
              </lines>
            </method>
            <method name="(anonymous_36)" hits="5" signature="()V">
              <lines>
                <line number="440" hits="5"/>
              </lines>
            </method>
            <method name="(anonymous_37)" hits="4" signature="()V">
              <lines>
                <line number="444" hits="4"/>
              </lines>
            </method>
            <method name="(anonymous_38)" hits="1" signature="()V">
              <lines>
                <line number="452" hits="1"/>
              </lines>
            </method>
            <method name="(anonymous_39)" hits="1" signature="()V">
              <lines>
                <line number="456" hits="1"/>
              </lines>
            </method>
            <method name="(anonymous_40)" hits="3" signature="()V">
              <lines>
                <line number="464" hits="3"/>
              </lines>
            </method>
            <method name="(anonymous_41)" hits="4" signature="()V">
              <lines>
                <line number="465" hits="4"/>
              </lines>
            </method>
            <method name="(anonymous_42)" hits="53" signature="()V">
              <lines>
                <line number="468" hits="53"/>
              </lines>
            </method>
            <method name="(anonymous_43)" hits="3" signature="()V">
              <lines>
                <line number="490" hits="3"/>
              </lines>
            </method>
            <method name="(anonymous_44)" hits="7074" signature="()V">
              <lines>
                <line number="494" hits="7074"/>
              </lines>
            </method>
            <method name="(anonymous_45)" hits="3" signature="()V">
              <lines>
                <line number="516" hits="3"/>
              </lines>
            </method>
            <method name="(anonymous_46)" hits="4" signature="()V">
              <lines>
                <line number="520" hits="4"/>
              </lines>
            </method>
            <method name="(anonymous_47)" hits="2" signature="()V">
              <lines>
                <line number="523" hits="2"/>
              </lines>
            </method>
            <method name="(anonymous_48)" hits="29969" signature="()V">
              <lines>
                <line number="541" hits="29969"/>
              </lines>
            </method>
            <method name="(anonymous_49)" hits="117" signature="()V">
              <lines>
                <line number="552" hits="117"/>
              </lines>
            </method>
            <method name="(anonymous_50)" hits="9" signature="()V">
              <lines>
                <line number="563" hits="9"/>
              </lines>
            </method>
            <method name="(anonymous_51)" hits="2" signature="()V">
              <lines>
                <line number="572" hits="2"/>
              </lines>
            </method>
            <method name="(anonymous_52)" hits="132" signature="()V">
              <lines>
                <line number="576" hits="132"/>
              </lines>
            </method>
          </methods>
          <lines>
            <line number="49" hits="189" branch="false"/>
            <line number="51" hits="189" branch="false"/>
            <line number="53" hits="189" branch="false"/>
            <line number="59" hits="189" branch="false"/>
            <line number="62" hits="1112" branch="false"/>
            <line number="66" hits="581" branch="false"/>
            <line number="70" hits="374" branch="false"/>
            <line number="74" hits="189" branch="false"/>
            <line number="75" hits="189" branch="false"/>
            <line number="76" hits="189" branch="false"/>
            <line number="77" hits="189" branch="false"/>
            <line number="79" hits="189" branch="false"/>
            <line number="82" hits="189" branch="false"/>
            <line number="83" hits="189" branch="false"/>
            <line number="84" hits="2" branch="false"/>
            <line number="85" hits="2" branch="false"/>
            <line number="86" hits="2" branch="false"/>
            <line number="87" hits="2" branch="true" condition-coverage="100% (2/2)"/>
            <line number="88" hits="1" branch="false"/>
            <line number="89" hits="1" branch="false"/>
            <line number="90" hits="1" branch="false"/>
            <line number="91" hits="2" branch="true" condition-coverage="66.66666666666666% (2/3)"/>
            <line number="94" hits="1" branch="true" condition-coverage="50% (1/2)"/>
            <line number="95" hits="1" branch="true" condition-coverage="50% (1/2)"/>
            <line number="97" hits="1" branch="false"/>
            <line number="99" hits="0" branch="false"/>
            <line number="103" hits="1" branch="false"/>
            <line number="105" hits="2" branch="true" condition-coverage="50% (1/2)"/>
            <line number="106" hits="2" branch="false"/>
            <line number="108" hits="2" branch="false"/>
            <line number="111" hits="189" branch="false"/>
            <line number="112" hits="4" branch="true" condition-coverage="50% (1/2)"/>
            <line number="113" hits="4" branch="false"/>
            <line number="115" hits="4" branch="false"/>
            <line number="118" hits="189" branch="false"/>
            <line number="119" hits="2" branch="false"/>
            <line number="120" hits="2" branch="false"/>
            <line number="121" hits="2" branch="true" condition-coverage="50% (1/2)"/>
            <line number="122" hits="2" branch="true" condition-coverage="75% (3/4)"/>
            <line number="124" hits="2" branch="true" condition-coverage="100% (2/2)"/>
            <line number="125" hits="1" branch="false"/>
            <line number="126" hits="1" branch="true" condition-coverage="50% (1/2)"/>
            <line number="128" hits="1" branch="true" condition-coverage="50% (1/2)"/>
            <line number="129" hits="1" branch="false"/>
            <line number="130" hits="1" branch="true" condition-coverage="50% (1/2)"/>
            <line number="131" hits="0" branch="false"/>
            <line number="133" hits="1" branch="false"/>
            <line number="135" hits="2" branch="true" condition-coverage="50% (1/2)"/>
            <line number="136" hits="2" branch="false"/>
            <line number="137" hits="2" branch="false"/>
            <line number="138" hits="2" branch="false"/>
            <line number="139" hits="2" branch="false"/>
            <line number="140" hits="2" branch="false"/>
            <line number="142" hits="4" branch="true" condition-coverage="100% (3/3)"/>
            <line number="169" hits="2" branch="true" condition-coverage="50% (1/2)"/>
            <line number="170" hits="2" branch="false"/>
            <line number="172" hits="2" branch="false"/>
            <line number="173" hits="2" branch="false"/>
            <line number="176" hits="189" branch="false"/>
            <line number="177" hits="6" branch="false"/>
            <line number="181" hits="189" branch="false"/>
            <line number="182" hits="238" branch="true" condition-coverage="100% (2/2)"/>
            <line number="183" hits="8" branch="false"/>
            <line number="184" hits="8" branch="false"/>
            <line number="186" hits="238" branch="false"/>
            <line number="187" hits="238" branch="true" condition-coverage="100% (2/2)"/>
            <line number="188" hits="47" branch="false"/>
            <line number="189" hits="47" branch="false"/>
            <line number="190" hits="5" branch="false"/>
            <line number="194" hits="189" branch="false"/>
            <line number="195" hits="49" branch="false"/>
            <line number="196" hits="49" branch="false"/>
            <line number="197" hits="49" branch="false"/>
            <line number="198" hits="49" branch="false"/>
            <line number="199" hits="49" branch="false"/>
            <line number="201" hits="189" branch="false"/>
            <line number="202" hits="189" branch="false"/>
            <line number="203" hits="189" branch="false"/>
            <line number="206" hits="189" branch="false"/>
            <line number="209" hits="189" branch="false"/>
            <line number="211" hits="239" branch="true" condition-coverage="50% (1/2)"/>
            <line number="212" hits="0" branch="false"/>
            <line number="213" hits="0" branch="false"/>
            <line number="215" hits="239" branch="false"/>
            <line number="217" hits="239" branch="true" condition-coverage="50% (1/2)"/>
            <line number="222" hits="0" branch="false"/>
            <line number="223" hits="0" branch="true" condition-coverage="0% (0/2)"/>
            <line number="224" hits="0" branch="false"/>
            <line number="227" hits="239" branch="false"/>
            <line number="228" hits="239" branch="true" condition-coverage="100% (2/2)"/>
            <line number="229" hits="47" branch="false"/>
            <line number="230" hits="26" branch="false"/>
            <line number="236" hits="985" branch="false"/>
            <line number="242" hits="3" branch="false"/>
            <line number="249" hits="4" branch="false"/>
            <line number="250" hits="4" branch="true" condition-coverage="100% (4/4)"/>
            <line number="251" hits="1" branch="false"/>
            <line number="253" hits="4" branch="false"/>
            <line number="254" hits="4" branch="false"/>
            <line number="255" hits="4" branch="false"/>
            <line number="256" hits="4" branch="false"/>
            <line number="257" hits="4" branch="false"/>
            <line number="264" hits="22" branch="true" condition-coverage="100% (2/2)"/>
            <line number="265" hits="3" branch="false"/>
            <line number="267" hits="22" branch="false"/>
            <line number="268" hits="22" branch="false"/>
            <line number="272" hits="23" branch="false"/>
            <line number="275" hits="189" branch="false"/>
            <line number="278" hits="3" branch="false"/>
            <line number="279" hits="3" branch="false"/>
            <line number="280" hits="3" branch="true" condition-coverage="50% (1/2)"/>
            <line number="281" hits="3" branch="false"/>
            <line number="283" hits="3" branch="false"/>
            <line number="287" hits="5" branch="false"/>
            <line number="288" hits="5" branch="true" condition-coverage="100% (4/4)"/>
            <line number="289" hits="2" branch="false"/>
[...]
            </method>
            <method name="(anonymous_19)" hits="2" signature="()V">
              <lines>
                <line number="146" hits="2"/>
              </lines>
            </method>
            <method name="(anonymous_20)" hits="400" signature="()V">
              <lines>
                <line number="161" hits="400"/>
              </lines>
            </method>
            <method name="(anonymous_21)" hits="80" signature="()V">
              <lines>
                <line number="170" hits="80"/>
              </lines>
            </method>
            <method name="(anonymous_22)" hits="4" signature="()V">
              <lines>
                <line number="182" hits="4"/>
              </lines>
            </method>
            <method name="(anonymous_23)" hits="4" signature="()V">
              <lines>
                <line number="209" hits="4"/>
              </lines>
            </method>
            <method name="(anonymous_24)" hits="3" signature="()V">
              <lines>
                <line number="234" hits="3"/>
              </lines>
            </method>
            <method name="(anonymous_25)" hits="6" signature="()V">
              <lines>
                <line number="236" hits="6"/>
              </lines>
            </method>
            <method name="(anonymous_26)" hits="2" signature="()V">
              <lines>
                <line number="239" hits="2"/>
              </lines>
            </method>
            <method name="(anonymous_27)" hits="8" signature="()V">
              <lines>
                <line number="240" hits="8"/>
              </lines>
            </method>
            <method name="(anonymous_28)" hits="156" signature="()V">
              <lines>
                <line number="243" hits="156"/>
              </lines>
            </method>
            <method name="(anonymous_29)" hits="102" signature="()V">
              <lines>
                <line number="251" hits="102"/>
              </lines>
            </method>
            <method name="(anonymous_30)" hits="3" signature="()V">
              <lines>
                <line number="253" hits="3"/>
              </lines>
            </method>
            <method name="(anonymous_31)" hits="9" signature="()V">
              <lines>
                <line number="261" hits="9"/>
              </lines>
            </method>
            <method name="(anonymous_32)" hits="4" signature="()V">
              <lines>
                <line number="266" hits="4"/>
              </lines>
            </method>
            <method name="(anonymous_33)" hits="108" signature="()V">
              <lines>
                <line number="288" hits="108"/>
              </lines>
            </method>
            <method name="(anonymous_34)" hits="125" signature="()V">
              <lines>
                <line number="289" hits="125"/>
              </lines>
            </method>
            <method name="(anonymous_35)" hits="1" signature="()V">
              <lines>
                <line number="297" hits="1"/>
              </lines>
            </method>
            <method name="(anonymous_36)" hits="4" signature="()V">
              <lines>
                <line number="298" hits="4"/>
              </lines>
            </method>
            <method name="(anonymous_37)" hits="2" signature="()V">
              <lines>
                <line number="308" hits="2"/>
              </lines>
            </method>
            <method name="(anonymous_38)" hits="65" signature="()V">
              <lines>
                <line number="320" hits="65"/>
              </lines>
            </method>
            <method name="(anonymous_39)" hits="2" signature="()V">
              <lines>
                <line number="327" hits="2"/>
              </lines>
            </method>
            <method name="(anonymous_40)" hits="1" signature="()V">
              <lines>
                <line number="331" hits="1"/>
              </lines>
            </method>
            <method name="(anonymous_41)" hits="1" signature="()V">
              <lines>
                <line number="333" hits="1"/>
              </lines>
            </method>
            <method name="(anonymous_42)" hits="1" signature="()V">
              <lines>
                <line number="338" hits="1"/>
              </lines>
            </method>
            <method name="(anonymous_43)" hits="1" signature="()V">
              <lines>
                <line number="340" hits="1"/>
              </lines>
            </method>
            <method name="(anonymous_44)" hits="190" signature="()V">
              <lines>
                <line number="345" hits="190"/>
              </lines>
            </method>
            <method name="(anonymous_45)" hits="1" signature="()V">
              <lines>
                <line number="347" hits="1"/>
              </lines>
            </method>
          </methods>
          <lines>
            <line number="16" hits="247" branch="false"/>
            <line number="18" hits="247" branch="false"/>
            <line number="20" hits="247" branch="false"/>
            <line number="33" hits="2452" branch="true" condition-coverage="100% (2/2)"/>
            <line number="39" hits="247" branch="false"/>
            <line number="40" hits="247" branch="false"/>
            <line number="44" hits="1187" branch="false"/>
            <line number="47" hits="247" branch="false"/>
            <line number="50" hits="255" branch="false"/>
            <line number="53" hits="255" branch="false"/>
            <line number="56" hits="247" branch="false"/>
            <line number="58" hits="529" branch="false"/>
            <line number="61" hits="257" branch="true" condition-coverage="100% (2/2)"/>
            <line number="65" hits="249" branch="false"/>
            <line number="66" hits="11" branch="false"/>
            <line number="67" hits="11" branch="true" condition-coverage="50% (1/2)"/>
            <line number="68" hits="11" branch="false"/>
            <line number="69" hits="52" branch="false"/>
            <line number="70" hits="279" branch="true" condition-coverage="50% (1/2)"/>
            <line number="76" hits="0" branch="false"/>
            <line number="77" hits="279" branch="true" condition-coverage="100% (2/2)"/>
            <line number="81" hits="3" branch="false"/>
            <line number="83" hits="276" branch="false"/>
            <line number="85" hits="52" branch="true" condition-coverage="100% (2/2)"/>
            <line number="86" hits="49" branch="false"/>
            <line number="89" hits="11" branch="false"/>
            <line number="97" hits="249" branch="false"/>
            <line number="101" hits="11" branch="false"/>
            <line number="102" hits="11" branch="false"/>
            <line number="113" hits="1" branch="false"/>
            <line number="114" hits="1" branch="true" condition-coverage="100% (2/2)"/>
            <line number="115" hits="1" branch="false"/>
            <line number="125" hits="253" branch="false"/>
            <line number="127" hits="253" branch="false"/>
            <line number="134" hits="253" branch="true" condition-coverage="100% (2/2)"/>
            <line number="135" hits="253" branch="true" condition-coverage="100% (2/2)"/>
            <line number="137" hits="253" branch="true" condition-coverage="100% (2/2)"/>
            <line number="138" hits="4" branch="true" condition-coverage="100% (2/2)"/>
            <line number="141" hits="3" branch="false"/>
            <line number="143" hits="2" branch="true" condition-coverage="100% (2/2)"/>
            <line number="145" hits="1" branch="false"/>
            <line number="146" hits="2" branch="false"/>
            <line number="149" hits="1" branch="false"/>
            <line number="153" hits="2" branch="false"/>
            <line number="162" hits="400" branch="true" condition-coverage="100% (2/2)"/>
            <line number="163" hits="329" branch="false"/>
            <line number="165" hits="71" branch="false"/>
            <line number="166" hits="76" branch="false"/>
            <line number="171" hits="80" branch="false"/>
            <line number="172" hits="80" branch="true" condition-coverage="100% (2/2)"/>
            <line number="173" hits="2" branch="false"/>
            <line number="175" hits="78" branch="false"/>
            <line number="176" hits="78" branch="false"/>
            <line number="197" hits="4" branch="true" condition-coverage="100% (2/2)"/>
            <line number="198" hits="1" branch="false"/>
            <line number="200" hits="4" branch="true" condition-coverage="100% (2/2)"/>
            <line number="201" hits="2" branch="false"/>
            <line number="203" hits="4" branch="false"/>
            <line number="223" hits="4" branch="true" condition-coverage="100% (2/2)"/>
            <line number="224" hits="1" branch="false"/>
            <line number="226" hits="3" branch="true" condition-coverage="100% (2/2)"/>
            <line number="227" hits="2" branch="false"/>
            <line number="229" hits="1" branch="false"/>
            <line number="232" hits="247" branch="false"/>
            <line number="236" hits="6" branch="true" condition-coverage="100% (2/2)"/>
            <line number="240" hits="8" branch="true" condition-coverage="100% (2/2)"/>
            <line number="245" hits="156" branch="true" condition-coverage="100% (2/2)"/>
            <line number="246" hits="156" branch="false"/>
            <line number="247" hits="156" branch="false"/>
            <line number="248" hits="156" branch="false"/>
            <line number="252" hits="102" branch="true" condition-coverage="100% (2/2)"/>
            <line number="253" hits="52" branch="false"/>
            <line number="254" hits="52" branch="true" condition-coverage="100% (2/2)"/>
            <line number="255" hits="1" branch="false"/>
            <line number="257" hits="51" branch="false"/>
            <line number="258" hits="51" branch="false"/>
            <line number="260" hits="50" branch="true" condition-coverage="100% (2/2)"/>
            <line number="261" hits="9" branch="true" condition-coverage="100% (2/2)"/>
            <line number="262" hits="6" branch="true" condition-coverage="100% (2/2)"/>
            <line number="263" hits="3" branch="false"/>
            <line number="266" hits="4" branch="false"/>
            <line number="267" hits="3" branch="true" condition-coverage="100% (2/2)"/>
            <line number="268" hits="2" branch="false"/>
            <line number="269" hits="2" branch="false"/>
            <line number="272" hits="1" branch="false"/>
            <line number="273" hits="44" branch="true" condition-coverage="100% (2/2)"/>
            <line number="274" hits="1" branch="false"/>
            <line number="284" hits="43" branch="false"/>
            <line number="285" hits="43" branch="false"/>
            <line number="289" hits="108" branch="false"/>
            <line number="290" hits="125" branch="true" condition-coverage="100% (2/2)"/>
            <line number="291" hits="19" branch="false"/>
            <line number="294" hits="108" branch="false"/>
            <line number="298" hits="1" branch="false"/>
            <line number="299" hits="4" branch="true" condition-coverage="100% (2/2)"/>
            <line number="300" hits="3" branch="false"/>
            <line number="309" hits="2" branch="false"/>
            <line number="310" hits="2" branch="true" condition-coverage="100% (2/2)"/>
            <line number="311" hits="1" branch="false"/>
            <line number="313" hits="2" branch="false"/>
            <line number="322" hits="65" branch="false"/>
            <line number="323" hits="65" branch="false"/>
            <line number="324" hits="65" branch="false"/>
            <line number="328" hits="2" branch="false"/>
            <line number="332" hits="1" branch="false"/>
            <line number="333" hits="1" branch="false"/>
            <line number="334" hits="1" branch="false"/>
            <line number="339" hits="1" branch="false"/>
            <line number="340" hits="1" branch="false"/>
            <line number="341" hits="1" branch="false"/>
            <line number="346" hits="190" branch="false"/>
            <line number="347" hits="190" branch="false"/>
            <line number="348" hits="1" branch="false"/>
          </lines>
        </class>
      </classes>
    </package>
    <package name="src.transducers" line-rate="1" branch-rate="1">
      <classes>
        <class name="index.ts" filename="src/transducers/index.ts" line-rate="1" branch-rate="1">
          <methods>
            <method name="legacyIssues" hits="2356" signature="()V">
              <lines>
                <line number="3" hits="2356"/>
              </lines>
            </method>
            <method name="componentDefaults" hits="2356" signature="()V">
              <lines>
                <line number="11" hits="2356"/>
              </lines>
            </method>
          </methods>
          <lines>
            <line number="4" hits="2356" branch="false"/>
            <line number="5" hits="2356" branch="false"/>
            <line number="12" hits="2356" branch="false"/>
            <line number="13" hits="2356" branch="true" condition-coverage="100% (1/1)"/>
            <line number="14" hits="2356" branch="true" condition-coverage="100% (2/2)"/>
            <line number="18" hits="2298" branch="true" condition-coverage="100% (2/2)"/>
            <line number="20" hits="1" branch="false"/>
            <line number="24" hits="2297" branch="true" condition-coverage="100% (2/2)"/>
            <line number="27" hits="1" branch="false"/>
            <line number="31" hits="2296" branch="true" condition-coverage="100% (2/2)"/>
            <line number="33" hits="2" branch="false"/>
            <line number="41" hits="2356" branch="false"/>
          </lines>
        </class>
      </classes>
    </package>
    <package name="src.types" line-rate="1" branch-rate="1">
      <classes>
        <class name="index.ts" filename="src/types/index.ts" line-rate="1" branch-rate="1">
          <methods>
          </methods>
          <lines>
            <line number="15" hits="30" branch="false"/>
          </lines>
        </class>
      </classes>
    </package>
    <package name="src.utils" line-rate="1" branch-rate="1">
      <classes>
        <class name="index.ts" filename="src/utils/index.ts" line-rate="0" branch-rate="0">
          <methods>
          </methods>
          <lines>
          </lines>
        </class>
        <class name="invariant.ts" filename="src/utils/invariant.ts" line-rate="1" branch-rate="1">
          <methods>
            <method name="invariant" hits="62" signature="()V">
              <lines>
                <line number="1" hits="62"/>
              </lines>
            </method>
          </methods>
          <lines>
            <line number="2" hits="62" branch="true" condition-coverage="100% (2/2)"/>
            <line number="3" hits="3" branch="true" condition-coverage="100% (2/2)"/>
          </lines>
        </class>
        <class name="misc.ts" filename="src/utils/misc.ts" line-rate="1" branch-rate="1">
          <methods>
            <method name="isElementNode" hits="2" signature="()V">
              <lines>
                <line number="4" hits="2"/>
              </lines>
            </method>
            <method name="isDOMNodeVisible" hits="7" signature="()V">
              <lines>
                <line number="14" hits="7"/>
              </lines>
            </method>
            <method name="normalizeTriggers" hits="1" signature="()V">
              <lines>
                <line number="30" hits="1"/>
              </lines>
            </method>
            <method name="(anonymous_3)" hits="2" signature="()V">
              <lines>
                <line number="31" hits="2"/>
              </lines>
            </method>
            <method name="makeEventsHandler" hits="13" signature="()V">
              <lines>
                <line number="37" hits="13"/>
              </lines>
            </method>
            <method name="(anonymous_5)" hits="3" signature="()V">
              <lines>
                <line number="46" hits="3"/>
              </lines>
            </method>
            <method name="(anonymous_6)" hits="35" signature="()V">
              <lines>
                <line number="53" hits="35"/>
              </lines>
            </method>
            <method name="(anonymous_7)" hits="35" signature="()V">
              <lines>
                <line number="54" hits="35"/>
              </lines>
            </method>
          </methods>
          <lines>
            <line number="5" hits="2" branch="false"/>
            <line number="15" hits="7" branch="false"/>
            <line number="16" hits="7" branch="false"/>
            <line number="17" hits="7" branch="false"/>
            <line number="18" hits="7" branch="false"/>
            <line number="31" hits="2" branch="false"/>
            <line number="41" hits="13" branch="false"/>
            <line number="42" hits="13" branch="true" condition-coverage="100% (2/2)"/>
            <line number="43" hits="13" branch="false"/>
            <line number="44" hits="13" branch="false"/>
            <line number="45" hits="13" branch="false"/>
            <line number="46" hits="13" branch="false"/>
            <line number="47" hits="3" branch="false"/>
            <line number="48" hits="3" branch="true" condition-coverage="100% (2/2)"/>
            <line number="49" hits="2" branch="false"/>
            <line number="53" hits="13" branch="false"/>
            <line number="54" hits="35" branch="false"/>
          </lines>
        </class>
        <class name="slot.ts" filename="src/utils/slot.ts" line-rate="1" branch-rate="1">
          <methods>
            <method name="includeSlot" hits="12" signature="()V">
              <lines>
                <line number="3" hits="12"/>
              </lines>
            </method>
            <method name="(anonymous_1)" hits="5" signature="()V">
              <lines>
                <line number="5" hits="5"/>
              </lines>
            </method>
            <method name="removeSlot" hits="4" signature="()V">
              <lines>
                <line number="10" hits="4"/>
              </lines>
            </method>
            <method name="(anonymous_3)" hits="4" signature="()V">
              <lines>
                <line number="12" hits="4"/>
              </lines>
            </method>
          </methods>
          <lines>
            <line number="4" hits="12" branch="true" condition-coverage="100% (1/1)"/>
            <line number="5" hits="12" branch="false"/>
            <line number="6" hits="5" branch="true" condition-coverage="100% (2/2)"/>
            <line number="11" hits="4" branch="true" condition-coverage="100% (1/1)"/>
            <line number="12" hits="4" branch="false"/>
            <line number="13" hits="4" branch="true" condition-coverage="100% (4/4)"/>
            <line number="14" hits="2" branch="false"/>
            <line number="15" hits="2" branch="false"/>
            <line number="16" hits="2" branch="false"/>
            <line number="18" hits="2" branch="false"/>
          </lines>
        </class>
        <class name="tree.ts" filename="src/utils/tree.ts" line-rate="1" branch-rate="1">
          <methods>
            <method name="foreachReverse" hits="277" signature="()V">
              <lines>
                <line number="5" hits="277"/>
              </lines>
            </method>
          </methods>
          <lines>
            <line number="11" hits="277" branch="false"/>
            <line number="12" hits="17" branch="false"/>
          </lines>
        </class>
      </classes>
    </package>
  </packages>
</coverage>
